{"C:\\Users\\aman\\Documents\\Programming\\IEEE Website\\src\\app\\App.tsx": {"path":"C:\\Users\\aman\\Documents\\Programming\\IEEE Website\\src\\app\\App.tsx","statementMap":{"0":{"start":{"line":21,"column":8},"end":{"line":21,"column":32}},"1":{"start":{"line":23,"column":2},"end":{"line":43,"column":null}},"2":{"start":{"line":25,"column":21},"end":{"line":25,"column":null}},"3":{"start":{"line":26,"column":22},"end":{"line":26,"column":80}},"4":{"start":{"line":28,"column":4},"end":{"line":40,"column":null}},"5":{"start":{"line":29,"column":6},"end":{"line":29,"column":null}},"6":{"start":{"line":30,"column":12},"end":{"line":36,"column":8}},"7":{"start":{"line":33,"column":10},"end":{"line":33,"column":null}},"8":{"start":{"line":34,"column":10},"end":{"line":34,"column":null}},"9":{"start":{"line":38,"column":6},"end":{"line":40,"column":null}},"10":{"start":{"line":39,"column":8},"end":{"line":39,"column":null}},"11":{"start":{"line":40,"column":8},"end":{"line":40,"column":null}},"12":{"start":{"line":45,"column":2},"end":{"line":65,"column":null}}},"fnMap":{"0":{"name":"App","decl":{"start":{"line":20,"column":24},"end":{"line":20,"column":30}},"loc":{"start":{"line":20,"column":30},"end":{"line":65,"column":null}},"line":20},"1":{"name":"(anonymous_1)","decl":{"start":{"line":23,"column":2},"end":{"line":23,"column":18}},"loc":{"start":{"line":23,"column":18},"end":{"line":43,"column":7}},"line":23},"2":{"name":"(anonymous_2)","decl":{"start":{"line":32,"column":8},"end":{"line":32,"column":25}},"loc":{"start":{"line":32,"column":25},"end":{"line":34,"column":null}},"line":32},"3":{"name":"(anonymous_3)","decl":{"start":{"line":38,"column":6},"end":{"line":38,"column":19}},"loc":{"start":{"line":38,"column":19},"end":{"line":40,"column":null}},"line":38}},"branchMap":{"0":{"loc":{"start":{"line":28,"column":4},"end":{"line":40,"column":null}},"type":"if","locations":[{"start":{"line":28,"column":4},"end":{"line":40,"column":null}},{"start":{},"end":{}}],"line":28},"1":{"loc":{"start":{"line":28,"column":8},"end":{"line":28,"column":31}},"type":"binary-expr","locations":[{"start":{"line":28,"column":8},"end":{"line":28,"column":20}},{"start":{"line":28,"column":20},"end":{"line":28,"column":31}}],"line":28}},"s":{"0":0,"1":0,"2":0,"3":0,"4":0,"5":0,"6":0,"7":0,"8":0,"9":0,"10":0,"11":0,"12":0},"f":{"0":0,"1":0,"2":0,"3":0},"b":{"0":[0,0],"1":[0,0]},"meta":{"lastBranch":2,"lastFunction":4,"lastStatement":13,"seen":{"f:20:24:20:30":0,"s:21:8:21:32":0,"s:23:2:43:Infinity":1,"f:23:2:23:18":1,"s:25:21:25:Infinity":2,"s:26:22:26:80":3,"b:28:4:40:Infinity:undefined:undefined:undefined:undefined":0,"s:28:4:40:Infinity":4,"b:28:8:28:20:28:20:28:31":1,"s:29:6:29:Infinity":5,"s:30:12:36:8":6,"f:32:8:32:25":2,"s:33:10:33:Infinity":7,"s:34:10:34:Infinity":8,"s:38:6:40:Infinity":9,"f:38:6:38:19":3,"s:39:8:39:Infinity":10,"s:40:8:40:Infinity":11,"s:45:2:65:Infinity":12}}}
,"C:\\Users\\aman\\Documents\\Programming\\IEEE Website\\src\\app\\components\\About.tsx": {"path":"C:\\Users\\aman\\Documents\\Programming\\IEEE Website\\src\\app\\components\\About.tsx","statementMap":{"0":{"start":{"line":8,"column":8},"end":{"line":8,"column":32}},"1":{"start":{"line":9,"column":10},"end":{"line":9,"column":30}},"2":{"start":{"line":10,"column":10},"end":{"line":10,"column":32}},"3":{"start":{"line":11,"column":18},"end":{"line":11,"column":null}},"4":{"start":{"line":13,"column":23},"end":{"line":13,"column":null}},"5":{"start":{"line":14,"column":21},"end":{"line":14,"column":null}},"6":{"start":{"line":15,"column":23},"end":{"line":15,"column":null}},"7":{"start":{"line":16,"column":26},"end":{"line":16,"column":null}},"8":{"start":{"line":17,"column":26},"end":{"line":17,"column":null}},"9":{"start":{"line":19,"column":2},"end":{"line":109,"column":null}},"10":{"start":{"line":87,"column":29},"end":{"line":87,"column":47}}},"fnMap":{"0":{"name":"About","decl":{"start":{"line":7,"column":16},"end":{"line":7,"column":24}},"loc":{"start":{"line":7,"column":24},"end":{"line":109,"column":null}},"line":7},"1":{"name":"(anonymous_1)","decl":{"start":{"line":87,"column":14},"end":{"line":87,"column":29}},"loc":{"start":{"line":87,"column":29},"end":{"line":87,"column":47}},"line":87}},"branchMap":{"0":{"loc":{"start":{"line":13,"column":23},"end":{"line":13,"column":null}},"type":"binary-expr","locations":[{"start":{"line":13,"column":23},"end":{"line":13,"column":45}},{"start":{"line":13,"column":45},"end":{"line":13,"column":null}}],"line":13},"1":{"loc":{"start":{"line":14,"column":21},"end":{"line":14,"column":null}},"type":"binary-expr","locations":[{"start":{"line":14,"column":21},"end":{"line":14,"column":41}},{"start":{"line":14,"column":41},"end":{"line":14,"column":null}}],"line":14},"2":{"loc":{"start":{"line":15,"column":23},"end":{"line":15,"column":null}},"type":"binary-expr","locations":[{"start":{"line":15,"column":23},"end":{"line":15,"column":45}},{"start":{"line":15,"column":45},"end":{"line":15,"column":null}}],"line":15},"3":{"loc":{"start":{"line":16,"column":26},"end":{"line":16,"column":null}},"type":"binary-expr","locations":[{"start":{"line":16,"column":26},"end":{"line":16,"column":51}},{"start":{"line":16,"column":51},"end":{"line":16,"column":null}}],"line":16},"4":{"loc":{"start":{"line":17,"column":26},"end":{"line":17,"column":null}},"type":"binary-expr","locations":[{"start":{"line":17,"column":26},"end":{"line":17,"column":51}},{"start":{"line":17,"column":51},"end":{"line":17,"column":null}}],"line":17},"5":{"loc":{"start":{"line":31,"column":58},"end":{"line":31,"column":null}},"type":"cond-expr","locations":[{"start":{"line":31,"column":68},"end":{"line":31,"column":74}},{"start":{"line":31,"column":74},"end":{"line":31,"column":null}}],"line":31},"6":{"loc":{"start":{"line":66,"column":15},"end":{"line":72,"column":null}},"type":"cond-expr","locations":[{"start":{"line":67,"column":16},"end":{"line":71,"column":null}},{"start":{"line":72,"column":18},"end":{"line":72,"column":null}}],"line":66},"7":{"loc":{"start":{"line":95,"column":14},"end":{"line":105,"column":null}},"type":"cond-expr","locations":[{"start":{"line":96,"column":15},"end":{"line":102,"column":16}},{"start":{"line":102,"column":15},"end":{"line":105,"column":null}}],"line":95},"8":{"loc":{"start":{"line":99,"column":86},"end":{"line":99,"column":null}},"type":"cond-expr","locations":[{"start":{"line":99,"column":96},"end":{"line":99,"column":105}},{"start":{"line":99,"column":105},"end":{"line":99,"column":null}}],"line":99}},"s":{"0":0,"1":0,"2":0,"3":0,"4":0,"5":0,"6":0,"7":0,"8":0,"9":0,"10":0},"f":{"0":0,"1":0},"b":{"0":[0,0],"1":[0,0],"2":[0,0],"3":[0,0],"4":[0,0],"5":[0,0],"6":[0,0],"7":[0,0],"8":[0,0]},"meta":{"lastBranch":9,"lastFunction":2,"lastStatement":11,"seen":{"f:7:16:7:24":0,"s:8:8:8:32":0,"s:9:10:9:30":1,"s:10:10:10:32":2,"s:11:18:11:Infinity":3,"s:13:23:13:Infinity":4,"b:13:23:13:45:13:45:13:Infinity":0,"s:14:21:14:Infinity":5,"b:14:21:14:41:14:41:14:Infinity":1,"s:15:23:15:Infinity":6,"b:15:23:15:45:15:45:15:Infinity":2,"s:16:26:16:Infinity":7,"b:16:26:16:51:16:51:16:Infinity":3,"s:17:26:17:Infinity":8,"b:17:26:17:51:17:51:17:Infinity":4,"s:19:2:109:Infinity":9,"b:31:68:31:74:31:74:31:Infinity":5,"b:67:16:71:Infinity:72:18:72:Infinity":6,"f:87:14:87:29":1,"s:87:29:87:47":10,"b:96:15:102:16:102:15:105:Infinity":7,"b:99:96:99:105:99:105:99:Infinity":8}}}
,"C:\\Users\\aman\\Documents\\Programming\\IEEE Website\\src\\app\\components\\BackToTop.tsx": {"path":"C:\\Users\\aman\\Documents\\Programming\\IEEE Website\\src\\app\\components\\BackToTop.tsx","statementMap":{"0":{"start":{"line":6,"column":20},"end":{"line":6,"column":51}},"1":{"start":{"line":8,"column":2},"end":{"line":19,"column":null}},"2":{"start":{"line":9,"column":10},"end":{"line":13,"column":null}},"3":{"start":{"line":10,"column":6},"end":{"line":13,"column":null}},"4":{"start":{"line":11,"column":8},"end":{"line":11,"column":null}},"5":{"start":{"line":13,"column":8},"end":{"line":13,"column":null}},"6":{"start":{"line":17,"column":4},"end":{"line":17,"column":null}},"7":{"start":{"line":18,"column":4},"end":{"line":18,"column":null}},"8":{"start":{"line":18,"column":17},"end":{"line":18,"column":71}},"9":{"start":{"line":21,"column":8},"end":{"line":25,"column":null}},"10":{"start":{"line":22,"column":4},"end":{"line":25,"column":null}},"11":{"start":{"line":28,"column":2},"end":{"line":61,"column":null}}},"fnMap":{"0":{"name":"BackToTop","decl":{"start":{"line":5,"column":16},"end":{"line":5,"column":28}},"loc":{"start":{"line":5,"column":28},"end":{"line":61,"column":null}},"line":5},"1":{"name":"(anonymous_1)","decl":{"start":{"line":8,"column":2},"end":{"line":8,"column":18}},"loc":{"start":{"line":8,"column":18},"end":{"line":19,"column":7}},"line":8},"2":{"name":"(anonymous_2)","decl":{"start":{"line":9,"column":10},"end":{"line":9,"column":35}},"loc":{"start":{"line":9,"column":35},"end":{"line":13,"column":null}},"line":9},"3":{"name":"(anonymous_3)","decl":{"start":{"line":18,"column":4},"end":{"line":18,"column":17}},"loc":{"start":{"line":18,"column":17},"end":{"line":18,"column":71}},"line":18},"4":{"name":"(anonymous_4)","decl":{"start":{"line":21,"column":8},"end":{"line":21,"column":28}},"loc":{"start":{"line":21,"column":28},"end":{"line":25,"column":null}},"line":21}},"branchMap":{"0":{"loc":{"start":{"line":10,"column":6},"end":{"line":13,"column":null}},"type":"if","locations":[{"start":{"line":10,"column":6},"end":{"line":13,"column":null}},{"start":{"line":12,"column":13},"end":{"line":13,"column":null}}],"line":10},"1":{"loc":{"start":{"line":30,"column":7},"end":{"line":61,"column":null}},"type":"binary-expr","locations":[{"start":{"line":30,"column":7},"end":{"line":30,"column":null}},{"start":{"line":31,"column":8},"end":{"line":61,"column":null}}],"line":30}},"s":{"0":0,"1":0,"2":0,"3":0,"4":0,"5":0,"6":0,"7":0,"8":0,"9":0,"10":0,"11":0},"f":{"0":0,"1":0,"2":0,"3":0,"4":0},"b":{"0":[0,0],"1":[0,0]},"meta":{"lastBranch":2,"lastFunction":5,"lastStatement":12,"seen":{"f:5:16:5:28":0,"s:6:20:6:51":0,"s:8:2:19:Infinity":1,"f:8:2:8:18":1,"s:9:10:13:Infinity":2,"f:9:10:9:35":2,"b:10:6:13:Infinity:12:13:13:Infinity":0,"s:10:6:13:Infinity":3,"s:11:8:11:Infinity":4,"s:13:8:13:Infinity":5,"s:17:4:17:Infinity":6,"s:18:4:18:Infinity":7,"f:18:4:18:17":3,"s:18:17:18:71":8,"s:21:8:25:Infinity":9,"f:21:8:21:28":4,"s:22:4:25:Infinity":10,"s:28:2:61:Infinity":11,"b:30:7:30:Infinity:31:8:61:Infinity":1}}}
,"C:\\Users\\aman\\Documents\\Programming\\IEEE Website\\src\\app\\components\\Committees.tsx": {"path":"C:\\Users\\aman\\Documents\\Programming\\IEEE Website\\src\\app\\components\\Committees.tsx","statementMap":{"0":{"start":{"line":10,"column":10},"end":{"line":10,"column":30}},"1":{"start":{"line":11,"column":18},"end":{"line":11,"column":null}},"2":{"start":{"line":14,"column":25},"end":{"line":14,"column":40}},"3":{"start":{"line":16,"column":2},"end":{"line":243,"column":null}},"4":{"start":{"line":53,"column":15},"end":{"line":53,"column":null}},"5":{"start":{"line":54,"column":15},"end":{"line":54,"column":null}},"6":{"start":{"line":57,"column":15},"end":{"line":57,"column":null}},"7":{"start":{"line":58,"column":15},"end":{"line":58,"column":null}},"8":{"start":{"line":152,"column":16},"end":{"line":185,"column":null}},"9":{"start":{"line":200,"column":14},"end":{"line":202,"column":null}},"10":{"start":{"line":248,"column":31},"end":{"line":248,"column":56}},"11":{"start":{"line":249,"column":10},"end":{"line":249,"column":30}},"12":{"start":{"line":250,"column":18},"end":{"line":250,"column":null}},"13":{"start":{"line":252,"column":2},"end":{"line":255,"column":null}},"14":{"start":{"line":253,"column":4},"end":{"line":255,"column":null}},"15":{"start":{"line":260,"column":2},"end":{"line":369,"column":null}},"16":{"start":{"line":360,"column":14},"end":{"line":366,"column":null}}},"fnMap":{"0":{"name":"CommitteeCard","decl":{"start":{"line":9,"column":9},"end":{"line":9,"column":23}},"loc":{"start":{"line":9,"column":48},"end":{"line":243,"column":null}},"line":9},"1":{"name":"(anonymous_1)","decl":{"start":{"line":52,"column":12},"end":{"line":52,"column":27}},"loc":{"start":{"line":52,"column":33},"end":{"line":54,"column":null}},"line":52},"2":{"name":"(anonymous_2)","decl":{"start":{"line":56,"column":12},"end":{"line":56,"column":27}},"loc":{"start":{"line":56,"column":33},"end":{"line":58,"column":null}},"line":56},"3":{"name":"(anonymous_3)","decl":{"start":{"line":151,"column":30},"end":{"line":151,"column":35}},"loc":{"start":{"line":152,"column":16},"end":{"line":185,"column":null}},"line":152},"4":{"name":"(anonymous_4)","decl":{"start":{"line":199,"column":33},"end":{"line":199,"column":38}},"loc":{"start":{"line":200,"column":14},"end":{"line":202,"column":null}},"line":200},"5":{"name":"Committees","decl":{"start":{"line":247,"column":16},"end":{"line":247,"column":29}},"loc":{"start":{"line":247,"column":29},"end":{"line":369,"column":null}},"line":247},"6":{"name":"(anonymous_6)","decl":{"start":{"line":359,"column":24},"end":{"line":359,"column":29}},"loc":{"start":{"line":360,"column":14},"end":{"line":366,"column":null}},"line":360}},"branchMap":{"0":{"loc":{"start":{"line":14,"column":25},"end":{"line":14,"column":40}},"type":"binary-expr","locations":[{"start":{"line":14,"column":25},"end":{"line":14,"column":38}},{"start":{"line":14,"column":38},"end":{"line":14,"column":40}}],"line":14},"1":{"loc":{"start":{"line":48,"column":22},"end":{"line":48,"column":null}},"type":"cond-expr","locations":[{"start":{"line":48,"column":32},"end":{"line":48,"column":66}},{"start":{"line":48,"column":66},"end":{"line":48,"column":null}}],"line":48},"2":{"loc":{"start":{"line":54,"column":67},"end":{"line":54,"column":null}},"type":"cond-expr","locations":[{"start":{"line":54,"column":77},"end":{"line":54,"column":109}},{"start":{"line":54,"column":109},"end":{"line":54,"column":null}}],"line":54},"3":{"loc":{"start":{"line":58,"column":67},"end":{"line":58,"column":null}},"type":"cond-expr","locations":[{"start":{"line":58,"column":77},"end":{"line":58,"column":111}},{"start":{"line":58,"column":111},"end":{"line":58,"column":null}}],"line":58},"4":{"loc":{"start":{"line":67,"column":26},"end":{"line":69,"column":null}},"type":"cond-expr","locations":[{"start":{"line":68,"column":18},"end":{"line":68,"column":null}},{"start":{"line":69,"column":18},"end":{"line":69,"column":null}}],"line":67},"5":{"loc":{"start":{"line":119,"column":23},"end":{"line":119,"column":null}},"type":"cond-expr","locations":[{"start":{"line":119,"column":33},"end":{"line":119,"column":37}},{"start":{"line":119,"column":37},"end":{"line":119,"column":null}}],"line":119},"6":{"loc":{"start":{"line":139,"column":11},"end":{"line":187,"column":null}},"type":"binary-expr","locations":[{"start":{"line":139,"column":11},"end":{"line":139,"column":null}},{"start":{"line":140,"column":12},"end":{"line":187,"column":null}}],"line":139},"7":{"loc":{"start":{"line":159,"column":33},"end":{"line":159,"column":null}},"type":"cond-expr","locations":[{"start":{"line":159,"column":65},"end":{"line":159,"column":99}},{"start":{"line":159,"column":99},"end":{"line":159,"column":null}}],"line":159},"8":{"loc":{"start":{"line":236,"column":25},"end":{"line":236,"column":null}},"type":"cond-expr","locations":[{"start":{"line":236,"column":35},"end":{"line":236,"column":39}},{"start":{"line":236,"column":39},"end":{"line":236,"column":null}}],"line":236},"9":{"loc":{"start":{"line":252,"column":2},"end":{"line":255,"column":null}},"type":"if","locations":[{"start":{"line":252,"column":2},"end":{"line":255,"column":null}},{"start":{},"end":{}}],"line":252},"10":{"loc":{"start":{"line":278,"column":19},"end":{"line":278,"column":null}},"type":"cond-expr","locations":[{"start":{"line":278,"column":29},"end":{"line":278,"column":33}},{"start":{"line":278,"column":33},"end":{"line":278,"column":null}}],"line":278},"11":{"loc":{"start":{"line":335,"column":25},"end":{"line":335,"column":null}},"type":"cond-expr","locations":[{"start":{"line":335,"column":35},"end":{"line":335,"column":39}},{"start":{"line":335,"column":39},"end":{"line":335,"column":null}}],"line":335},"12":{"loc":{"start":{"line":340,"column":13},"end":{"line":351,"column":null}},"type":"cond-expr","locations":[{"start":{"line":341,"column":14},"end":{"line":343,"column":15}},{"start":{"line":343,"column":14},"end":{"line":351,"column":null}}],"line":340},"13":{"loc":{"start":{"line":357,"column":66},"end":{"line":357,"column":null}},"type":"cond-expr","locations":[{"start":{"line":357,"column":76},"end":{"line":357,"column":97}},{"start":{"line":357,"column":97},"end":{"line":357,"column":null}}],"line":357}},"s":{"0":0,"1":0,"2":0,"3":0,"4":0,"5":0,"6":0,"7":0,"8":0,"9":0,"10":0,"11":0,"12":0,"13":0,"14":0,"15":0,"16":0},"f":{"0":0,"1":0,"2":0,"3":0,"4":0,"5":0,"6":0},"b":{"0":[0,0],"1":[0,0],"2":[0,0],"3":[0,0],"4":[0,0],"5":[0,0],"6":[0,0],"7":[0,0],"8":[0,0],"9":[0,0],"10":[0,0],"11":[0,0],"12":[0,0],"13":[0,0]},"meta":{"lastBranch":14,"lastFunction":7,"lastStatement":17,"seen":{"f:9:9:9:23":0,"s:10:10:10:30":0,"s:11:18:11:Infinity":1,"s:14:25:14:40":2,"b:14:25:14:38:14:38:14:40":0,"s:16:2:243:Infinity":3,"b:48:32:48:66:48:66:48:Infinity":1,"f:52:12:52:27":1,"s:53:15:53:Infinity":4,"s:54:15:54:Infinity":5,"b:54:77:54:109:54:109:54:Infinity":2,"f:56:12:56:27":2,"s:57:15:57:Infinity":6,"s:58:15:58:Infinity":7,"b:58:77:58:111:58:111:58:Infinity":3,"b:68:18:68:Infinity:69:18:69:Infinity":4,"b:119:33:119:37:119:37:119:Infinity":5,"b:139:11:139:Infinity:140:12:187:Infinity":6,"f:151:30:151:35":3,"s:152:16:185:Infinity":8,"b:159:65:159:99:159:99:159:Infinity":7,"f:199:33:199:38":4,"s:200:14:202:Infinity":9,"b:236:35:236:39:236:39:236:Infinity":8,"f:247:16:247:29":5,"s:248:31:248:56":10,"s:249:10:249:30":11,"s:250:18:250:Infinity":12,"b:252:2:255:Infinity:undefined:undefined:undefined:undefined":9,"s:252:2:255:Infinity":13,"s:253:4:255:Infinity":14,"s:260:2:369:Infinity":15,"b:278:29:278:33:278:33:278:Infinity":10,"b:335:35:335:39:335:39:335:Infinity":11,"b:341:14:343:15:343:14:351:Infinity":12,"b:357:76:357:97:357:97:357:Infinity":13,"f:359:24:359:29":6,"s:360:14:366:Infinity":16}}}
,"C:\\Users\\aman\\Documents\\Programming\\IEEE Website\\src\\app\\components\\CornerstoneCommittees.tsx": {"path":"C:\\Users\\aman\\Documents\\Programming\\IEEE Website\\src\\app\\components\\CornerstoneCommittees.tsx","statementMap":{"0":{"start":{"line":6,"column":54},"end":{"line":6,"column":90}},"1":{"start":{"line":8,"column":2},"end":{"line":12,"column":null}},"2":{"start":{"line":9,"column":4},"end":{"line":12,"column":null}},"3":{"start":{"line":16,"column":2},"end":{"line":19,"column":null}},"4":{"start":{"line":17,"column":4},"end":{"line":19,"column":null}},"5":{"start":{"line":23,"column":2},"end":{"line":198,"column":null}},"6":{"start":{"line":83,"column":12},"end":{"line":196,"column":null}},"7":{"start":{"line":120,"column":18},"end":{"line":193,"column":null}},"8":{"start":{"line":187,"column":46},"end":{"line":187,"column":null}},"9":{"start":{"line":188,"column":46},"end":{"line":188,"column":null}}},"fnMap":{"0":{"name":"CornerstoneCommittees","decl":{"start":{"line":5,"column":16},"end":{"line":5,"column":40}},"loc":{"start":{"line":5,"column":40},"end":{"line":198,"column":null}},"line":5},"1":{"name":"(anonymous_1)","decl":{"start":{"line":82,"column":33},"end":{"line":82,"column":38}},"loc":{"start":{"line":83,"column":12},"end":{"line":196,"column":null}},"line":83},"2":{"name":"(anonymous_2)","decl":{"start":{"line":119,"column":31},"end":{"line":119,"column":36}},"loc":{"start":{"line":120,"column":18},"end":{"line":193,"column":null}},"line":120},"3":{"name":"(anonymous_3)","decl":{"start":{"line":187,"column":24},"end":{"line":187,"column":39}},"loc":{"start":{"line":187,"column":46},"end":{"line":187,"column":null}},"line":187},"4":{"name":"(anonymous_4)","decl":{"start":{"line":188,"column":24},"end":{"line":188,"column":39}},"loc":{"start":{"line":188,"column":46},"end":{"line":188,"column":null}},"line":188}},"branchMap":{"0":{"loc":{"start":{"line":8,"column":2},"end":{"line":12,"column":null}},"type":"if","locations":[{"start":{"line":8,"column":2},"end":{"line":12,"column":null}},{"start":{},"end":{}}],"line":8},"1":{"loc":{"start":{"line":16,"column":2},"end":{"line":19,"column":null}},"type":"if","locations":[{"start":{"line":16,"column":2},"end":{"line":19,"column":null}},{"start":{},"end":{}}],"line":16},"2":{"loc":{"start":{"line":97,"column":19},"end":{"line":98,"column":27}},"type":"cond-expr","locations":[{"start":{"line":97,"column":49},"end":{"line":97,"column":115}},{"start":{"line":97,"column":114},"end":{"line":98,"column":27}}],"line":97},"3":{"loc":{"start":{"line":173,"column":38},"end":{"line":173,"column":77}},"type":"binary-expr","locations":[{"start":{"line":173,"column":38},"end":{"line":173,"column":58}},{"start":{"line":173,"column":58},"end":{"line":173,"column":77}}],"line":173}},"s":{"0":0,"1":0,"2":0,"3":0,"4":0,"5":0,"6":0,"7":0,"8":0,"9":0},"f":{"0":0,"1":0,"2":0,"3":0,"4":0},"b":{"0":[0,0],"1":[0,0],"2":[0,0],"3":[0,0]},"meta":{"lastBranch":4,"lastFunction":5,"lastStatement":10,"seen":{"f:5:16:5:40":0,"s:6:54:6:90":0,"b:8:2:12:Infinity:undefined:undefined:undefined:undefined":0,"s:8:2:12:Infinity":1,"s:9:4:12:Infinity":2,"b:16:2:19:Infinity:undefined:undefined:undefined:undefined":1,"s:16:2:19:Infinity":3,"s:17:4:19:Infinity":4,"s:23:2:198:Infinity":5,"f:82:33:82:38":1,"s:83:12:196:Infinity":6,"b:97:49:97:115:97:114:98:27":2,"f:119:31:119:36":2,"s:120:18:193:Infinity":7,"b:173:38:173:58:173:58:173:77":3,"f:187:24:187:39":3,"s:187:46:187:Infinity":8,"f:188:24:188:39":4,"s:188:46:188:Infinity":9}}}
,"C:\\Users\\aman\\Documents\\Programming\\IEEE Website\\src\\app\\components\\Events.tsx": {"path":"C:\\Users\\aman\\Documents\\Programming\\IEEE Website\\src\\app\\components\\Events.tsx","statementMap":{"0":{"start":{"line":7,"column":23},"end":{"line":41,"column":null}},"1":{"start":{"line":44,"column":15},"end":{"line":44,"column":null}},"2":{"start":{"line":45,"column":13},"end":{"line":45,"column":null}},"3":{"start":{"line":48,"column":2},"end":{"line":48,"column":null}},"4":{"start":{"line":50,"column":27},"end":{"line":50,"column":null}},"5":{"start":{"line":51,"column":28},"end":{"line":51,"column":null}},"6":{"start":{"line":53,"column":8},"end":{"line":56,"column":20}},"7":{"start":{"line":54,"column":4},"end":{"line":56,"column":20}},"8":{"start":{"line":57,"column":2},"end":{"line":57,"column":null}},"9":{"start":{"line":62,"column":2},"end":{"line":82,"column":null}},"10":{"start":{"line":90,"column":30},"end":{"line":90,"column":67}},"11":{"start":{"line":91,"column":10},"end":{"line":91,"column":30}},"12":{"start":{"line":92,"column":18},"end":{"line":92,"column":null}},"13":{"start":{"line":93,"column":17},"end":{"line":93,"column":null}},"14":{"start":{"line":94,"column":17},"end":{"line":94,"column":null}},"15":{"start":{"line":97,"column":24},"end":{"line":97,"column":42}},"16":{"start":{"line":98,"column":20},"end":{"line":98,"column":null}},"17":{"start":{"line":100,"column":2},"end":{"line":633,"column":null}},"18":{"start":{"line":235,"column":18},"end":{"line":432,"column":null}},"19":{"start":{"line":237,"column":35},"end":{"line":237,"column":113}},"20":{"start":{"line":397,"column":44},"end":{"line":397,"column":63}},"21":{"start":{"line":412,"column":31},"end":{"line":412,"column":null}},"22":{"start":{"line":415,"column":31},"end":{"line":415,"column":null}},"23":{"start":{"line":602,"column":19},"end":{"line":602,"column":null}},"24":{"start":{"line":605,"column":19},"end":{"line":605,"column":null}}},"fnMap":{"0":{"name":"fmtDate","decl":{"start":{"line":47,"column":9},"end":{"line":47,"column":17}},"loc":{"start":{"line":47,"column":26},"end":{"line":48,"column":null}},"line":47},"1":{"name":"fmtDay","decl":{"start":{"line":50,"column":9},"end":{"line":50,"column":16}},"loc":{"start":{"line":50,"column":25},"end":{"line":50,"column":null}},"line":50},"2":{"name":"fmtYear","decl":{"start":{"line":51,"column":9},"end":{"line":51,"column":17}},"loc":{"start":{"line":51,"column":26},"end":{"line":51,"column":null}},"line":51},"3":{"name":"fmtTime","decl":{"start":{"line":52,"column":9},"end":{"line":52,"column":17}},"loc":{"start":{"line":52,"column":41},"end":{"line":57,"column":null}},"line":52},"4":{"name":"(anonymous_4)","decl":{"start":{"line":53,"column":8},"end":{"line":53,"column":13}},"loc":{"start":{"line":54,"column":4},"end":{"line":56,"column":20}},"line":54},"5":{"name":"EventSkeleton","decl":{"start":{"line":61,"column":9},"end":{"line":61,"column":25}},"loc":{"start":{"line":61,"column":25},"end":{"line":82,"column":null}},"line":61},"6":{"name":"Events","decl":{"start":{"line":89,"column":16},"end":{"line":89,"column":25}},"loc":{"start":{"line":89,"column":25},"end":{"line":633,"column":null}},"line":89},"7":{"name":"(anonymous_7)","decl":{"start":{"line":234,"column":31},"end":{"line":234,"column":36}},"loc":{"start":{"line":235,"column":18},"end":{"line":432,"column":null}},"line":235},"8":{"name":"(anonymous_8)","decl":{"start":{"line":237,"column":20},"end":{"line":237,"column":35}},"loc":{"start":{"line":237,"column":35},"end":{"line":237,"column":113}},"line":237},"9":{"name":"(anonymous_9)","decl":{"start":{"line":397,"column":28},"end":{"line":397,"column":38}},"loc":{"start":{"line":397,"column":44},"end":{"line":397,"column":63}},"line":397},"10":{"name":"(anonymous_10)","decl":{"start":{"line":411,"column":28},"end":{"line":411,"column":43}},"loc":{"start":{"line":411,"column":49},"end":{"line":412,"column":null}},"line":411},"11":{"name":"(anonymous_11)","decl":{"start":{"line":414,"column":28},"end":{"line":414,"column":43}},"loc":{"start":{"line":414,"column":49},"end":{"line":415,"column":null}},"line":414},"12":{"name":"(anonymous_12)","decl":{"start":{"line":601,"column":16},"end":{"line":601,"column":31}},"loc":{"start":{"line":601,"column":37},"end":{"line":602,"column":null}},"line":601},"13":{"name":"(anonymous_13)","decl":{"start":{"line":604,"column":16},"end":{"line":604,"column":31}},"loc":{"start":{"line":604,"column":37},"end":{"line":605,"column":null}},"line":604}},"branchMap":{"0":{"loc":{"start":{"line":93,"column":17},"end":{"line":93,"column":null}},"type":"cond-expr","locations":[{"start":{"line":93,"column":41},"end":{"line":93,"column":54}},{"start":{"line":93,"column":54},"end":{"line":93,"column":null}}],"line":93},"1":{"loc":{"start":{"line":112,"column":58},"end":{"line":112,"column":null}},"type":"cond-expr","locations":[{"start":{"line":112,"column":68},"end":{"line":112,"column":74}},{"start":{"line":112,"column":74},"end":{"line":112,"column":null}}],"line":112},"2":{"loc":{"start":{"line":162,"column":13},"end":{"line":189,"column":13}},"type":"binary-expr","locations":[{"start":{"line":162,"column":13},"end":{"line":162,"column":null}},{"start":{"line":163,"column":14},"end":{"line":189,"column":13}}],"line":162},"3":{"loc":{"start":{"line":171,"column":25},"end":{"line":171,"column":null}},"type":"cond-expr","locations":[{"start":{"line":171,"column":35},"end":{"line":171,"column":47}},{"start":{"line":171,"column":47},"end":{"line":171,"column":null}}],"line":171},"4":{"loc":{"start":{"line":180,"column":32},"end":{"line":180,"column":null}},"type":"cond-expr","locations":[{"start":{"line":180,"column":42},"end":{"line":180,"column":54}},{"start":{"line":180,"column":54},"end":{"line":180,"column":null}}],"line":180},"5":{"loc":{"start":{"line":181,"column":31},"end":{"line":181,"column":null}},"type":"cond-expr","locations":[{"start":{"line":181,"column":41},"end":{"line":181,"column":50}},{"start":{"line":181,"column":50},"end":{"line":181,"column":null}}],"line":181},"6":{"loc":{"start":{"line":196,"column":25},"end":{"line":196,"column":null}},"type":"cond-expr","locations":[{"start":{"line":196,"column":35},"end":{"line":196,"column":39}},{"start":{"line":196,"column":39},"end":{"line":196,"column":null}}],"line":196},"7":{"loc":{"start":{"line":199,"column":15},"end":{"line":199,"column":null}},"type":"cond-expr","locations":[{"start":{"line":199,"column":25},"end":{"line":199,"column":33}},{"start":{"line":199,"column":33},"end":{"line":199,"column":null}}],"line":199},"8":{"loc":{"start":{"line":208,"column":13},"end":{"line":455,"column":null}},"type":"cond-expr","locations":[{"start":{"line":209,"column":14},"end":{"line":213,"column":null}},{"start":{"line":214,"column":16},"end":{"line":455,"column":null}}],"line":208},"9":{"loc":{"start":{"line":214,"column":16},"end":{"line":455,"column":null}},"type":"cond-expr","locations":[{"start":{"line":215,"column":14},"end":{"line":233,"column":null}},{"start":{"line":233,"column":14},"end":{"line":455,"column":null}}],"line":214},"10":{"loc":{"start":{"line":237,"column":35},"end":{"line":237,"column":113}},"type":"binary-expr","locations":[{"start":{"line":237,"column":35},"end":{"line":237,"column":53}},{"start":{"line":237,"column":53},"end":{"line":237,"column":113}}],"line":237},"11":{"loc":{"start":{"line":249,"column":41},"end":{"line":249,"column":null}},"type":"cond-expr","locations":[{"start":{"line":249,"column":51},"end":{"line":249,"column":73}},{"start":{"line":249,"column":73},"end":{"line":249,"column":null}}],"line":249},"12":{"loc":{"start":{"line":290,"column":37},"end":{"line":290,"column":null}},"type":"cond-expr","locations":[{"start":{"line":290,"column":47},"end":{"line":290,"column":51}},{"start":{"line":290,"column":51},"end":{"line":290,"column":null}}],"line":290},"13":{"loc":{"start":{"line":304,"column":35},"end":{"line":304,"column":null}},"type":"cond-expr","locations":[{"start":{"line":304,"column":45},"end":{"line":304,"column":51}},{"start":{"line":304,"column":51},"end":{"line":304,"column":null}}],"line":304},"14":{"loc":{"start":{"line":323,"column":25},"end":{"line":339,"column":null}},"type":"binary-expr","locations":[{"start":{"line":323,"column":25},"end":{"line":323,"column":null}},{"start":{"line":324,"column":26},"end":{"line":339,"column":null}}],"line":323},"15":{"loc":{"start":{"line":335,"column":39},"end":{"line":335,"column":null}},"type":"cond-expr","locations":[{"start":{"line":335,"column":49},"end":{"line":335,"column":53}},{"start":{"line":335,"column":53},"end":{"line":335,"column":null}}],"line":335},"16":{"loc":{"start":{"line":350,"column":27},"end":{"line":366,"column":null}},"type":"binary-expr","locations":[{"start":{"line":350,"column":27},"end":{"line":350,"column":null}},{"start":{"line":351,"column":28},"end":{"line":366,"column":null}}],"line":350},"17":{"loc":{"start":{"line":354,"column":48},"end":{"line":354,"column":104}},"type":"cond-expr","locations":[{"start":{"line":354,"column":58},"end":{"line":354,"column":83}},{"start":{"line":354,"column":83},"end":{"line":354,"column":104}}],"line":354},"18":{"loc":{"start":{"line":362,"column":43},"end":{"line":362,"column":null}},"type":"cond-expr","locations":[{"start":{"line":362,"column":53},"end":{"line":362,"column":57}},{"start":{"line":362,"column":57},"end":{"line":362,"column":null}}],"line":362},"19":{"loc":{"start":{"line":369,"column":27},"end":{"line":389,"column":null}},"type":"binary-expr","locations":[{"start":{"line":369,"column":27},"end":{"line":369,"column":null}},{"start":{"line":370,"column":28},"end":{"line":389,"column":null}}],"line":369},"20":{"loc":{"start":{"line":373,"column":48},"end":{"line":373,"column":104}},"type":"cond-expr","locations":[{"start":{"line":373,"column":58},"end":{"line":373,"column":83}},{"start":{"line":373,"column":83},"end":{"line":373,"column":104}}],"line":373},"21":{"loc":{"start":{"line":385,"column":43},"end":{"line":385,"column":null}},"type":"cond-expr","locations":[{"start":{"line":385,"column":53},"end":{"line":385,"column":57}},{"start":{"line":385,"column":57},"end":{"line":385,"column":null}}],"line":385},"22":{"loc":{"start":{"line":436,"column":17},"end":{"line":455,"column":null}},"type":"binary-expr","locations":[{"start":{"line":436,"column":17},"end":{"line":436,"column":null}},{"start":{"line":437,"column":18},"end":{"line":455,"column":null}}],"line":436},"23":{"loc":{"start":{"line":460,"column":11},"end":{"line":608,"column":null}},"type":"binary-expr","locations":[{"start":{"line":460,"column":11},"end":{"line":460,"column":24}},{"start":{"line":460,"column":24},"end":{"line":460,"column":null}},{"start":{"line":461,"column":12},"end":{"line":608,"column":null}}],"line":460},"24":{"loc":{"start":{"line":517,"column":15},"end":{"line":528,"column":null}},"type":"binary-expr","locations":[{"start":{"line":517,"column":15},"end":{"line":517,"column":null}},{"start":{"line":518,"column":16},"end":{"line":528,"column":null}}],"line":517},"25":{"loc":{"start":{"line":534,"column":17},"end":{"line":548,"column":27}},"type":"binary-expr","locations":[{"start":{"line":534,"column":17},"end":{"line":534,"column":null}},{"start":{"line":535,"column":18},"end":{"line":548,"column":27}}],"line":534},"26":{"loc":{"start":{"line":548,"column":17},"end":{"line":559,"column":null}},"type":"binary-expr","locations":[{"start":{"line":548,"column":17},"end":{"line":548,"column":null}},{"start":{"line":549,"column":18},"end":{"line":559,"column":null}}],"line":548}},"s":{"0":0,"1":0,"2":0,"3":0,"4":0,"5":0,"6":0,"7":0,"8":0,"9":0,"10":0,"11":0,"12":0,"13":0,"14":0,"15":0,"16":0,"17":0,"18":0,"19":0,"20":0,"21":0,"22":0,"23":0,"24":0},"f":{"0":0,"1":0,"2":0,"3":0,"4":0,"5":0,"6":0,"7":0,"8":0,"9":0,"10":0,"11":0,"12":0,"13":0},"b":{"0":[0,0],"1":[0,0],"2":[0,0],"3":[0,0],"4":[0,0],"5":[0,0],"6":[0,0],"7":[0,0],"8":[0,0],"9":[0,0],"10":[0,0],"11":[0,0],"12":[0,0],"13":[0,0],"14":[0,0],"15":[0,0],"16":[0,0],"17":[0,0],"18":[0,0],"19":[0,0],"20":[0,0],"21":[0,0],"22":[0,0],"23":[0,0,0],"24":[0,0],"25":[0,0],"26":[0,0]},"meta":{"lastBranch":27,"lastFunction":14,"lastStatement":25,"seen":{"s:7:23:41:Infinity":0,"s:44:15:44:Infinity":1,"s:45:13:45:Infinity":2,"f:47:9:47:17":0,"s:48:2:48:Infinity":3,"f:50:9:50:16":1,"s:50:27:50:Infinity":4,"f:51:9:51:17":2,"s:51:28:51:Infinity":5,"f:52:9:52:17":3,"s:53:8:56:20":6,"f:53:8:53:13":4,"s:54:4:56:20":7,"s:57:2:57:Infinity":8,"f:61:9:61:25":5,"s:62:2:82:Infinity":9,"f:89:16:89:25":6,"s:90:30:90:67":10,"s:91:10:91:30":11,"s:92:18:92:Infinity":12,"s:93:17:93:Infinity":13,"b:93:41:93:54:93:54:93:Infinity":0,"s:94:17:94:Infinity":14,"s:97:24:97:42":15,"s:98:20:98:Infinity":16,"s:100:2:633:Infinity":17,"b:112:68:112:74:112:74:112:Infinity":1,"b:162:13:162:Infinity:163:14:189:13":2,"b:171:35:171:47:171:47:171:Infinity":3,"b:180:42:180:54:180:54:180:Infinity":4,"b:181:41:181:50:181:50:181:Infinity":5,"b:196:35:196:39:196:39:196:Infinity":6,"b:199:25:199:33:199:33:199:Infinity":7,"b:209:14:213:Infinity:214:16:455:Infinity":8,"b:215:14:233:Infinity:233:14:455:Infinity":9,"f:234:31:234:36":7,"s:235:18:432:Infinity":18,"f:237:20:237:35":8,"s:237:35:237:113":19,"b:237:35:237:53:237:53:237:113":10,"b:249:51:249:73:249:73:249:Infinity":11,"b:290:47:290:51:290:51:290:Infinity":12,"b:304:45:304:51:304:51:304:Infinity":13,"b:323:25:323:Infinity:324:26:339:Infinity":14,"b:335:49:335:53:335:53:335:Infinity":15,"b:350:27:350:Infinity:351:28:366:Infinity":16,"b:354:58:354:83:354:83:354:104":17,"b:362:53:362:57:362:57:362:Infinity":18,"b:369:27:369:Infinity:370:28:389:Infinity":19,"b:373:58:373:83:373:83:373:104":20,"b:385:53:385:57:385:57:385:Infinity":21,"f:397:28:397:38":9,"s:397:44:397:63":20,"f:411:28:411:43":10,"s:412:31:412:Infinity":21,"f:414:28:414:43":11,"s:415:31:415:Infinity":22,"b:436:17:436:Infinity:437:18:455:Infinity":22,"b:460:11:460:24:460:24:460:Infinity:461:12:608:Infinity":23,"b:517:15:517:Infinity:518:16:528:Infinity":24,"b:534:17:534:Infinity:535:18:548:27":25,"b:548:17:548:Infinity:549:18:559:Infinity":26,"f:601:16:601:31":12,"s:602:19:602:Infinity":23,"f:604:16:604:31":13,"s:605:19:605:Infinity":24}}}
,"C:\\Users\\aman\\Documents\\Programming\\IEEE Website\\src\\app\\components\\Footer.tsx": {"path":"C:\\Users\\aman\\Documents\\Programming\\IEEE Website\\src\\app\\components\\Footer.tsx","statementMap":{"0":{"start":{"line":8,"column":20},"end":{"line":25,"column":null}},"1":{"start":{"line":27,"column":16},"end":{"line":32,"column":null}},"2":{"start":{"line":35,"column":10},"end":{"line":35,"column":40}},"3":{"start":{"line":36,"column":10},"end":{"line":36,"column":40}},"4":{"start":{"line":37,"column":8},"end":{"line":37,"column":32}},"5":{"start":{"line":38,"column":8},"end":{"line":38,"column":32}},"6":{"start":{"line":39,"column":10},"end":{"line":39,"column":30}},"7":{"start":{"line":40,"column":18},"end":{"line":40,"column":null}},"8":{"start":{"line":41,"column":17},"end":{"line":41,"column":null}},"9":{"start":{"line":43,"column":21},"end":{"line":43,"column":null}},"10":{"start":{"line":45,"column":22},"end":{"line":62,"column":null}},"11":{"start":{"line":64,"column":45},"end":{"line":70,"column":null}},"12":{"start":{"line":72,"column":26},"end":{"line":77,"column":null}},"13":{"start":{"line":79,"column":19},"end":{"line":81,"column":null}},"14":{"start":{"line":83,"column":31},"end":{"line":86,"column":5}},"15":{"start":{"line":83,"column":54},"end":{"line":86,"column":5}},"16":{"start":{"line":88,"column":8},"end":{"line":98,"column":null}},"17":{"start":{"line":89,"column":4},"end":{"line":91,"column":null}},"18":{"start":{"line":90,"column":6},"end":{"line":90,"column":null}},"19":{"start":{"line":91,"column":6},"end":{"line":91,"column":null}},"20":{"start":{"line":94,"column":4},"end":{"line":98,"column":null}},"21":{"start":{"line":95,"column":17},"end":{"line":95,"column":45}},"22":{"start":{"line":96,"column":6},"end":{"line":96,"column":null}},"23":{"start":{"line":96,"column":14},"end":{"line":96,"column":null}},"24":{"start":{"line":98,"column":6},"end":{"line":98,"column":null}},"25":{"start":{"line":102,"column":2},"end":{"line":438,"column":null}},"26":{"start":{"line":205,"column":29},"end":{"line":205,"column":null}},"27":{"start":{"line":206,"column":16},"end":{"line":241,"column":null}},"28":{"start":{"line":227,"column":35},"end":{"line":227,"column":null}},"29":{"start":{"line":228,"column":24},"end":{"line":228,"column":null}},"30":{"start":{"line":229,"column":24},"end":{"line":229,"column":null}},"31":{"start":{"line":230,"column":24},"end":{"line":230,"column":null}},"32":{"start":{"line":233,"column":35},"end":{"line":233,"column":null}},"33":{"start":{"line":234,"column":24},"end":{"line":234,"column":null}},"34":{"start":{"line":235,"column":24},"end":{"line":235,"column":null}},"35":{"start":{"line":236,"column":24},"end":{"line":236,"column":null}},"36":{"start":{"line":272,"column":17},"end":{"line":272,"column":null}},"37":{"start":{"line":275,"column":17},"end":{"line":275,"column":null}},"38":{"start":{"line":288,"column":16},"end":{"line":306,"column":null}},"39":{"start":{"line":299,"column":21},"end":{"line":299,"column":null}},"40":{"start":{"line":302,"column":21},"end":{"line":302,"column":null}},"41":{"start":{"line":313,"column":12},"end":{"line":369,"column":null}},"42":{"start":{"line":334,"column":18},"end":{"line":366,"column":null}},"43":{"start":{"line":340,"column":22},"end":{"line":342,"column":null}},"44":{"start":{"line":341,"column":24},"end":{"line":341,"column":null}},"45":{"start":{"line":342,"column":24},"end":{"line":342,"column":null}},"46":{"start":{"line":356,"column":23},"end":{"line":356,"column":null}},"47":{"start":{"line":359,"column":23},"end":{"line":359,"column":null}},"48":{"start":{"line":398,"column":14},"end":{"line":420,"column":null}},"49":{"start":{"line":413,"column":19},"end":{"line":413,"column":null}},"50":{"start":{"line":416,"column":19},"end":{"line":416,"column":null}}},"fnMap":{"0":{"name":"Footer","decl":{"start":{"line":34,"column":16},"end":{"line":34,"column":25}},"loc":{"start":{"line":34,"column":25},"end":{"line":438,"column":null}},"line":34},"1":{"name":"(anonymous_1)","decl":{"start":{"line":83,"column":42},"end":{"line":83,"column":47}},"loc":{"start":{"line":83,"column":54},"end":{"line":86,"column":5}},"line":83},"2":{"name":"(anonymous_2)","decl":{"start":{"line":88,"column":8},"end":{"line":88,"column":25}},"loc":{"start":{"line":88,"column":42},"end":{"line":98,"column":null}},"line":88},"3":{"name":"(anonymous_3)","decl":{"start":{"line":204,"column":23},"end":{"line":204,"column":28}},"loc":{"start":{"line":204,"column":44},"end":{"line":241,"column":null}},"line":204},"4":{"name":"(anonymous_4)","decl":{"start":{"line":226,"column":22},"end":{"line":226,"column":37}},"loc":{"start":{"line":226,"column":43},"end":{"line":230,"column":null}},"line":226},"5":{"name":"(anonymous_5)","decl":{"start":{"line":232,"column":22},"end":{"line":232,"column":37}},"loc":{"start":{"line":232,"column":43},"end":{"line":236,"column":null}},"line":232},"6":{"name":"(anonymous_6)","decl":{"start":{"line":271,"column":14},"end":{"line":271,"column":29}},"loc":{"start":{"line":271,"column":35},"end":{"line":272,"column":null}},"line":271},"7":{"name":"(anonymous_7)","decl":{"start":{"line":274,"column":14},"end":{"line":274,"column":29}},"loc":{"start":{"line":274,"column":35},"end":{"line":275,"column":null}},"line":274},"8":{"name":"(anonymous_8)","decl":{"start":{"line":287,"column":36},"end":{"line":287,"column":41}},"loc":{"start":{"line":288,"column":16},"end":{"line":306,"column":null}},"line":288},"9":{"name":"(anonymous_9)","decl":{"start":{"line":298,"column":18},"end":{"line":298,"column":33}},"loc":{"start":{"line":298,"column":39},"end":{"line":299,"column":null}},"line":298},"10":{"name":"(anonymous_10)","decl":{"start":{"line":301,"column":18},"end":{"line":301,"column":33}},"loc":{"start":{"line":301,"column":39},"end":{"line":302,"column":null}},"line":301},"11":{"name":"(anonymous_11)","decl":{"start":{"line":312,"column":39},"end":{"line":312,"column":44}},"loc":{"start":{"line":313,"column":12},"end":{"line":369,"column":null}},"line":313},"12":{"name":"(anonymous_12)","decl":{"start":{"line":333,"column":23},"end":{"line":333,"column":28}},"loc":{"start":{"line":334,"column":18},"end":{"line":366,"column":null}},"line":334},"13":{"name":"(anonymous_13)","decl":{"start":{"line":339,"column":20},"end":{"line":339,"column":30}},"loc":{"start":{"line":339,"column":36},"end":{"line":342,"column":null}},"line":339},"14":{"name":"(anonymous_14)","decl":{"start":{"line":355,"column":20},"end":{"line":355,"column":35}},"loc":{"start":{"line":355,"column":41},"end":{"line":356,"column":null}},"line":355},"15":{"name":"(anonymous_15)","decl":{"start":{"line":358,"column":20},"end":{"line":358,"column":35}},"loc":{"start":{"line":358,"column":41},"end":{"line":359,"column":null}},"line":358},"16":{"name":"(anonymous_16)","decl":{"start":{"line":397,"column":65},"end":{"line":397,"column":70}},"loc":{"start":{"line":398,"column":14},"end":{"line":420,"column":null}},"line":398},"17":{"name":"(anonymous_17)","decl":{"start":{"line":412,"column":16},"end":{"line":412,"column":31}},"loc":{"start":{"line":412,"column":37},"end":{"line":413,"column":null}},"line":412},"18":{"name":"(anonymous_18)","decl":{"start":{"line":415,"column":16},"end":{"line":415,"column":31}},"loc":{"start":{"line":415,"column":37},"end":{"line":416,"column":null}},"line":415}},"branchMap":{"0":{"loc":{"start":{"line":43,"column":21},"end":{"line":43,"column":null}},"type":"binary-expr","locations":[{"start":{"line":43,"column":21},"end":{"line":43,"column":45}},{"start":{"line":43,"column":45},"end":{"line":43,"column":null}}],"line":43},"1":{"loc":{"start":{"line":79,"column":19},"end":{"line":81,"column":null}},"type":"cond-expr","locations":[{"start":{"line":80,"column":6},"end":{"line":80,"column":null}},{"start":{"line":81,"column":6},"end":{"line":81,"column":null}}],"line":79},"2":{"loc":{"start":{"line":79,"column":19},"end":{"line":79,"column":null}},"type":"binary-expr","locations":[{"start":{"line":79,"column":19},"end":{"line":79,"column":44}},{"start":{"line":79,"column":44},"end":{"line":79,"column":null}}],"line":79},"3":{"loc":{"start":{"line":89,"column":4},"end":{"line":91,"column":null}},"type":"if","locations":[{"start":{"line":89,"column":4},"end":{"line":91,"column":null}},{"start":{},"end":{}}],"line":89},"4":{"loc":{"start":{"line":94,"column":4},"end":{"line":98,"column":null}},"type":"if","locations":[{"start":{"line":94,"column":4},"end":{"line":98,"column":null}},{"start":{"line":97,"column":11},"end":{"line":98,"column":null}}],"line":94},"5":{"loc":{"start":{"line":96,"column":6},"end":{"line":96,"column":null}},"type":"if","locations":[{"start":{"line":96,"column":6},"end":{"line":96,"column":null}},{"start":{},"end":{}}],"line":96},"6":{"loc":{"start":{"line":198,"column":25},"end":{"line":198,"column":null}},"type":"cond-expr","locations":[{"start":{"line":198,"column":35},"end":{"line":198,"column":39}},{"start":{"line":198,"column":39},"end":{"line":198,"column":null}}],"line":198},"7":{"loc":{"start":{"line":205,"column":29},"end":{"line":205,"column":null}},"type":"binary-expr","locations":[{"start":{"line":205,"column":29},"end":{"line":205,"column":77}},{"start":{"line":205,"column":77},"end":{"line":205,"column":null}}],"line":205},"8":{"loc":{"start":{"line":336,"column":27},"end":{"line":336,"column":null}},"type":"cond-expr","locations":[{"start":{"line":336,"column":51},"end":{"line":336,"column":63}},{"start":{"line":336,"column":63},"end":{"line":336,"column":null}}],"line":336},"9":{"loc":{"start":{"line":337,"column":29},"end":{"line":337,"column":null}},"type":"cond-expr","locations":[{"start":{"line":337,"column":53},"end":{"line":337,"column":64}},{"start":{"line":337,"column":64},"end":{"line":337,"column":null}}],"line":337},"10":{"loc":{"start":{"line":338,"column":26},"end":{"line":338,"column":null}},"type":"cond-expr","locations":[{"start":{"line":338,"column":50},"end":{"line":338,"column":74}},{"start":{"line":338,"column":74},"end":{"line":338,"column":null}}],"line":338},"11":{"loc":{"start":{"line":340,"column":22},"end":{"line":342,"column":null}},"type":"if","locations":[{"start":{"line":340,"column":22},"end":{"line":342,"column":null}},{"start":{},"end":{}}],"line":340},"12":{"loc":{"start":{"line":363,"column":22},"end":{"line":364,"column":null}},"type":"binary-expr","locations":[{"start":{"line":363,"column":22},"end":{"line":363,"column":null}},{"start":{"line":364,"column":22},"end":{"line":364,"column":null}}],"line":363},"13":{"loc":{"start":{"line":390,"column":23},"end":{"line":390,"column":null}},"type":"cond-expr","locations":[{"start":{"line":390,"column":33},"end":{"line":390,"column":37}},{"start":{"line":390,"column":37},"end":{"line":390,"column":null}}],"line":390},"14":{"loc":{"start":{"line":410,"column":27},"end":{"line":410,"column":null}},"type":"cond-expr","locations":[{"start":{"line":410,"column":37},"end":{"line":410,"column":41}},{"start":{"line":410,"column":41},"end":{"line":410,"column":null}}],"line":410},"15":{"loc":{"start":{"line":431,"column":23},"end":{"line":431,"column":null}},"type":"cond-expr","locations":[{"start":{"line":431,"column":33},"end":{"line":431,"column":39}},{"start":{"line":431,"column":39},"end":{"line":431,"column":null}}],"line":431}},"s":{"0":0,"1":0,"2":0,"3":0,"4":0,"5":0,"6":0,"7":0,"8":0,"9":0,"10":0,"11":0,"12":0,"13":0,"14":0,"15":0,"16":0,"17":0,"18":0,"19":0,"20":0,"21":0,"22":0,"23":0,"24":0,"25":0,"26":0,"27":0,"28":0,"29":0,"30":0,"31":0,"32":0,"33":0,"34":0,"35":0,"36":0,"37":0,"38":0,"39":0,"40":0,"41":0,"42":0,"43":0,"44":0,"45":0,"46":0,"47":0,"48":0,"49":0,"50":0},"f":{"0":0,"1":0,"2":0,"3":0,"4":0,"5":0,"6":0,"7":0,"8":0,"9":0,"10":0,"11":0,"12":0,"13":0,"14":0,"15":0,"16":0,"17":0,"18":0},"b":{"0":[0,0],"1":[0,0],"2":[0,0],"3":[0,0],"4":[0,0],"5":[0,0],"6":[0,0],"7":[0,0],"8":[0,0],"9":[0,0],"10":[0,0],"11":[0,0],"12":[0,0],"13":[0,0],"14":[0,0],"15":[0,0]},"meta":{"lastBranch":16,"lastFunction":19,"lastStatement":51,"seen":{"s:8:20:25:Infinity":0,"s:27:16:32:Infinity":1,"f:34:16:34:25":0,"s:35:10:35:40":2,"s:36:10:36:40":3,"s:37:8:37:32":4,"s:38:8:38:32":5,"s:39:10:39:30":6,"s:40:18:40:Infinity":7,"s:41:17:41:Infinity":8,"s:43:21:43:Infinity":9,"b:43:21:43:45:43:45:43:Infinity":0,"s:45:22:62:Infinity":10,"s:64:45:70:Infinity":11,"s:72:26:77:Infinity":12,"s:79:19:81:Infinity":13,"b:80:6:80:Infinity:81:6:81:Infinity":1,"b:79:19:79:44:79:44:79:Infinity":2,"s:83:31:86:5":14,"f:83:42:83:47":1,"s:83:54:86:5":15,"s:88:8:98:Infinity":16,"f:88:8:88:25":2,"b:89:4:91:Infinity:undefined:undefined:undefined:undefined":3,"s:89:4:91:Infinity":17,"s:90:6:90:Infinity":18,"s:91:6:91:Infinity":19,"b:94:4:98:Infinity:97:11:98:Infinity":4,"s:94:4:98:Infinity":20,"s:95:17:95:45":21,"b:96:6:96:Infinity:undefined:undefined:undefined:undefined":5,"s:96:6:96:Infinity":22,"s:96:14:96:Infinity":23,"s:98:6:98:Infinity":24,"s:102:2:438:Infinity":25,"b:198:35:198:39:198:39:198:Infinity":6,"f:204:23:204:28":3,"s:205:29:205:Infinity":26,"b:205:29:205:77:205:77:205:Infinity":7,"s:206:16:241:Infinity":27,"f:226:22:226:37":4,"s:227:35:227:Infinity":28,"s:228:24:228:Infinity":29,"s:229:24:229:Infinity":30,"s:230:24:230:Infinity":31,"f:232:22:232:37":5,"s:233:35:233:Infinity":32,"s:234:24:234:Infinity":33,"s:235:24:235:Infinity":34,"s:236:24:236:Infinity":35,"f:271:14:271:29":6,"s:272:17:272:Infinity":36,"f:274:14:274:29":7,"s:275:17:275:Infinity":37,"f:287:36:287:41":8,"s:288:16:306:Infinity":38,"f:298:18:298:33":9,"s:299:21:299:Infinity":39,"f:301:18:301:33":10,"s:302:21:302:Infinity":40,"f:312:39:312:44":11,"s:313:12:369:Infinity":41,"f:333:23:333:28":12,"s:334:18:366:Infinity":42,"b:336:51:336:63:336:63:336:Infinity":8,"b:337:53:337:64:337:64:337:Infinity":9,"b:338:50:338:74:338:74:338:Infinity":10,"f:339:20:339:30":13,"b:340:22:342:Infinity:undefined:undefined:undefined:undefined":11,"s:340:22:342:Infinity":43,"s:341:24:341:Infinity":44,"s:342:24:342:Infinity":45,"f:355:20:355:35":14,"s:356:23:356:Infinity":46,"f:358:20:358:35":15,"s:359:23:359:Infinity":47,"b:363:22:363:Infinity:364:22:364:Infinity":12,"b:390:33:390:37:390:37:390:Infinity":13,"f:397:65:397:70":16,"s:398:14:420:Infinity":48,"b:410:37:410:41:410:41:410:Infinity":14,"f:412:16:412:31":17,"s:413:19:413:Infinity":49,"f:415:16:415:31":18,"s:416:19:416:Infinity":50,"b:431:33:431:39:431:39:431:Infinity":15}}}
,"C:\\Users\\aman\\Documents\\Programming\\IEEE Website\\src\\app\\components\\Hero.tsx": {"path":"C:\\Users\\aman\\Documents\\Programming\\IEEE Website\\src\\app\\components\\Hero.tsx","statementMap":{"0":{"start":{"line":11,"column":2},"end":{"line":11,"column":null}},"1":{"start":{"line":13,"column":19},"end":{"line":13,"column":38}},"2":{"start":{"line":16,"column":8},"end":{"line":16,"column":32}},"3":{"start":{"line":17,"column":10},"end":{"line":17,"column":30}},"4":{"start":{"line":18,"column":25},"end":{"line":18,"column":54}},"5":{"start":{"line":19,"column":46},"end":{"line":19,"column":83}},"6":{"start":{"line":21,"column":18},"end":{"line":21,"column":null}},"7":{"start":{"line":23,"column":8},"end":{"line":25,"column":null}},"8":{"start":{"line":24,"column":15},"end":{"line":24,"column":47}},"9":{"start":{"line":25,"column":4},"end":{"line":25,"column":null}},"10":{"start":{"line":25,"column":12},"end":{"line":25,"column":null}},"11":{"start":{"line":28,"column":18},"end":{"line":28,"column":null}},"12":{"start":{"line":30,"column":20},"end":{"line":30,"column":null}},"13":{"start":{"line":31,"column":20},"end":{"line":31,"column":null}},"14":{"start":{"line":32,"column":23},"end":{"line":32,"column":null}},"15":{"start":{"line":33,"column":20},"end":{"line":33,"column":null}},"16":{"start":{"line":34,"column":19},"end":{"line":34,"column":null}},"17":{"start":{"line":36,"column":23},"end":{"line":43,"column":null}},"18":{"start":{"line":45,"column":2},"end":{"line":311,"column":null}},"19":{"start":{"line":229,"column":29},"end":{"line":229,"column":52}},"20":{"start":{"line":256,"column":14},"end":{"line":278,"column":null}}},"fnMap":{"0":{"name":"Hero","decl":{"start":{"line":15,"column":16},"end":{"line":15,"column":23}},"loc":{"start":{"line":15,"column":23},"end":{"line":311,"column":null}},"line":15},"1":{"name":"(anonymous_1)","decl":{"start":{"line":23,"column":8},"end":{"line":23,"column":29}},"loc":{"start":{"line":23,"column":29},"end":{"line":25,"column":null}},"line":23},"2":{"name":"(anonymous_2)","decl":{"start":{"line":229,"column":14},"end":{"line":229,"column":29}},"loc":{"start":{"line":229,"column":29},"end":{"line":229,"column":52}},"line":229},"3":{"name":"(anonymous_3)","decl":{"start":{"line":255,"column":27},"end":{"line":255,"column":32}},"loc":{"start":{"line":256,"column":14},"end":{"line":278,"column":null}},"line":256}},"branchMap":{"0":{"loc":{"start":{"line":21,"column":18},"end":{"line":21,"column":null}},"type":"binary-expr","locations":[{"start":{"line":21,"column":18},"end":{"line":21,"column":33}},{"start":{"line":21,"column":33},"end":{"line":21,"column":null}}],"line":21},"1":{"loc":{"start":{"line":25,"column":4},"end":{"line":25,"column":null}},"type":"if","locations":[{"start":{"line":25,"column":4},"end":{"line":25,"column":null}},{"start":{},"end":{}}],"line":25},"2":{"loc":{"start":{"line":31,"column":20},"end":{"line":31,"column":null}},"type":"binary-expr","locations":[{"start":{"line":31,"column":20},"end":{"line":31,"column":39}},{"start":{"line":31,"column":39},"end":{"line":31,"column":null}}],"line":31},"3":{"loc":{"start":{"line":32,"column":23},"end":{"line":32,"column":null}},"type":"binary-expr","locations":[{"start":{"line":32,"column":23},"end":{"line":32,"column":45}},{"start":{"line":32,"column":45},"end":{"line":32,"column":null}}],"line":32},"4":{"loc":{"start":{"line":33,"column":20},"end":{"line":33,"column":null}},"type":"binary-expr","locations":[{"start":{"line":33,"column":20},"end":{"line":33,"column":40}},{"start":{"line":33,"column":40},"end":{"line":33,"column":null}}],"line":33},"5":{"loc":{"start":{"line":33,"column":40},"end":{"line":33,"column":null}},"type":"cond-expr","locations":[{"start":{"line":33,"column":49},"end":{"line":33,"column":61}},{"start":{"line":33,"column":61},"end":{"line":33,"column":null}}],"line":33},"6":{"loc":{"start":{"line":34,"column":19},"end":{"line":34,"column":null}},"type":"binary-expr","locations":[{"start":{"line":34,"column":19},"end":{"line":34,"column":37}},{"start":{"line":34,"column":37},"end":{"line":34,"column":null}}],"line":34},"7":{"loc":{"start":{"line":59,"column":7},"end":{"line":70,"column":null}},"type":"binary-expr","locations":[{"start":{"line":59,"column":7},"end":{"line":59,"column":null}},{"start":{"line":60,"column":8},"end":{"line":70,"column":null}}],"line":59},"8":{"loc":{"start":{"line":67,"column":21},"end":{"line":67,"column":null}},"type":"cond-expr","locations":[{"start":{"line":67,"column":31},"end":{"line":67,"column":37}},{"start":{"line":67,"column":37},"end":{"line":67,"column":null}}],"line":67},"9":{"loc":{"start":{"line":78,"column":22},"end":{"line":80,"column":null}},"type":"cond-expr","locations":[{"start":{"line":79,"column":14},"end":{"line":79,"column":null}},{"start":{"line":80,"column":14},"end":{"line":80,"column":null}}],"line":78},"10":{"loc":{"start":{"line":95,"column":65},"end":{"line":95,"column":null}},"type":"cond-expr","locations":[{"start":{"line":95,"column":75},"end":{"line":95,"column":96}},{"start":{"line":95,"column":96},"end":{"line":95,"column":null}}],"line":95},"11":{"loc":{"start":{"line":139,"column":28},"end":{"line":139,"column":null}},"type":"cond-expr","locations":[{"start":{"line":139,"column":38},"end":{"line":139,"column":64}},{"start":{"line":139,"column":64},"end":{"line":139,"column":null}}],"line":139},"12":{"loc":{"start":{"line":160,"column":89},"end":{"line":160,"column":147}},"type":"cond-expr","locations":[{"start":{"line":160,"column":99},"end":{"line":160,"column":125}},{"start":{"line":160,"column":125},"end":{"line":160,"column":147}}],"line":160},"13":{"loc":{"start":{"line":161,"column":90},"end":{"line":161,"column":138}},"type":"cond-expr","locations":[{"start":{"line":161,"column":115},"end":{"line":161,"column":127}},{"start":{"line":161,"column":127},"end":{"line":161,"column":138}}],"line":161},"14":{"loc":{"start":{"line":190,"column":13},"end":{"line":198,"column":null}},"type":"cond-expr","locations":[{"start":{"line":191,"column":14},"end":{"line":197,"column":null}},{"start":{"line":198,"column":16},"end":{"line":198,"column":null}}],"line":190}},"s":{"0":0,"1":0,"2":0,"3":0,"4":0,"5":0,"6":0,"7":0,"8":0,"9":0,"10":0,"11":0,"12":0,"13":0,"14":0,"15":0,"16":0,"17":0,"18":0,"19":0,"20":0},"f":{"0":0,"1":0,"2":0,"3":0},"b":{"0":[0,0],"1":[0,0],"2":[0,0],"3":[0,0],"4":[0,0],"5":[0,0],"6":[0,0],"7":[0,0],"8":[0,0],"9":[0,0],"10":[0,0],"11":[0,0],"12":[0,0],"13":[0,0],"14":[0,0]},"meta":{"lastBranch":15,"lastFunction":4,"lastStatement":21,"seen":{"s:11:2:11:Infinity":0,"s:13:19:13:38":1,"f:15:16:15:23":0,"s:16:8:16:32":2,"s:17:10:17:30":3,"s:18:25:18:54":4,"s:19:46:19:83":5,"s:21:18:21:Infinity":6,"b:21:18:21:33:21:33:21:Infinity":0,"s:23:8:25:Infinity":7,"f:23:8:23:29":1,"s:24:15:24:47":8,"b:25:4:25:Infinity:undefined:undefined:undefined:undefined":1,"s:25:4:25:Infinity":9,"s:25:12:25:Infinity":10,"s:28:18:28:Infinity":11,"s:30:20:30:Infinity":12,"s:31:20:31:Infinity":13,"b:31:20:31:39:31:39:31:Infinity":2,"s:32:23:32:Infinity":14,"b:32:23:32:45:32:45:32:Infinity":3,"s:33:20:33:Infinity":15,"b:33:20:33:40:33:40:33:Infinity":4,"b:33:49:33:61:33:61:33:Infinity":5,"s:34:19:34:Infinity":16,"b:34:19:34:37:34:37:34:Infinity":6,"s:36:23:43:Infinity":17,"s:45:2:311:Infinity":18,"b:59:7:59:Infinity:60:8:70:Infinity":7,"b:67:31:67:37:67:37:67:Infinity":8,"b:79:14:79:Infinity:80:14:80:Infinity":9,"b:95:75:95:96:95:96:95:Infinity":10,"b:139:38:139:64:139:64:139:Infinity":11,"b:160:99:160:125:160:125:160:147":12,"b:161:115:161:127:161:127:161:138":13,"b:191:14:197:Infinity:198:16:198:Infinity":14,"f:229:14:229:29":2,"s:229:29:229:52":19,"f:255:27:255:32":3,"s:256:14:278:Infinity":20}}}
,"C:\\Users\\aman\\Documents\\Programming\\IEEE Website\\src\\app\\components\\IeeePurdueLogo.tsx": {"path":"C:\\Users\\aman\\Documents\\Programming\\IEEE Website\\src\\app\\components\\IeeePurdueLogo.tsx","statementMap":{"0":{"start":{"line":13,"column":13},"end":{"line":30,"column":null}},"1":{"start":{"line":14,"column":10},"end":{"line":14,"column":30}},"2":{"start":{"line":15,"column":18},"end":{"line":15,"column":null}},"3":{"start":{"line":17,"column":2},"end":{"line":30,"column":null}}},"fnMap":{"0":{"name":"(anonymous_0)","decl":{"start":{"line":13,"column":13},"end":{"line":13,"column":62}},"loc":{"start":{"line":13,"column":72},"end":{"line":30,"column":null}},"line":13}},"branchMap":{"0":{"loc":{"start":{"line":24,"column":16},"end":{"line":26,"column":null}},"type":"cond-expr","locations":[{"start":{"line":25,"column":12},"end":{"line":25,"column":null}},{"start":{"line":26,"column":12},"end":{"line":26,"column":null}}],"line":24}},"s":{"0":0,"1":0,"2":0,"3":0},"f":{"0":0},"b":{"0":[0,0]},"meta":{"lastBranch":1,"lastFunction":1,"lastStatement":4,"seen":{"s:13:13:30:Infinity":0,"f:13:13:13:62":0,"s:14:10:14:30":1,"s:15:18:15:Infinity":2,"s:17:2:30:Infinity":3,"b:25:12:25:Infinity:26:12:26:Infinity":0}}}
,"C:\\Users\\aman\\Documents\\Programming\\IEEE Website\\src\\app\\components\\JoinCTA.tsx": {"path":"C:\\Users\\aman\\Documents\\Programming\\IEEE Website\\src\\app\\components\\JoinCTA.tsx","statementMap":{"0":{"start":{"line":7,"column":8},"end":{"line":7,"column":32}},"1":{"start":{"line":8,"column":10},"end":{"line":8,"column":40}},"2":{"start":{"line":9,"column":10},"end":{"line":9,"column":40}},"3":{"start":{"line":11,"column":27},"end":{"line":18,"column":null}},"4":{"start":{"line":20,"column":19},"end":{"line":20,"column":null}},"5":{"start":{"line":21,"column":21},"end":{"line":21,"column":null}},"6":{"start":{"line":23,"column":2},"end":{"line":294,"column":null}},"7":{"start":{"line":142,"column":27},"end":{"line":142,"column":44}},"8":{"start":{"line":164,"column":14},"end":{"line":193,"column":null}}},"fnMap":{"0":{"name":"JoinCTA","decl":{"start":{"line":6,"column":16},"end":{"line":6,"column":26}},"loc":{"start":{"line":6,"column":26},"end":{"line":294,"column":null}},"line":6},"1":{"name":"(anonymous_1)","decl":{"start":{"line":142,"column":12},"end":{"line":142,"column":27}},"loc":{"start":{"line":142,"column":27},"end":{"line":142,"column":44}},"line":142},"2":{"name":"(anonymous_2)","decl":{"start":{"line":163,"column":22},"end":{"line":163,"column":27}},"loc":{"start":{"line":164,"column":14},"end":{"line":193,"column":null}},"line":164}},"branchMap":{"0":{"loc":{"start":{"line":20,"column":19},"end":{"line":20,"column":null}},"type":"binary-expr","locations":[{"start":{"line":20,"column":19},"end":{"line":20,"column":44}},{"start":{"line":20,"column":44},"end":{"line":20,"column":null}}],"line":20},"1":{"loc":{"start":{"line":21,"column":21},"end":{"line":21,"column":null}},"type":"binary-expr","locations":[{"start":{"line":21,"column":21},"end":{"line":21,"column":45}},{"start":{"line":21,"column":45},"end":{"line":21,"column":null}}],"line":21}},"s":{"0":0,"1":0,"2":0,"3":0,"4":0,"5":0,"6":0,"7":0,"8":0},"f":{"0":0,"1":0,"2":0},"b":{"0":[0,0],"1":[0,0]},"meta":{"lastBranch":2,"lastFunction":3,"lastStatement":9,"seen":{"f:6:16:6:26":0,"s:7:8:7:32":0,"s:8:10:8:40":1,"s:9:10:9:40":2,"s:11:27:18:Infinity":3,"s:20:19:20:Infinity":4,"b:20:19:20:44:20:44:20:Infinity":0,"s:21:21:21:Infinity":5,"b:21:21:21:45:21:45:21:Infinity":1,"s:23:2:294:Infinity":6,"f:142:12:142:27":1,"s:142:27:142:44":7,"f:163:22:163:27":2,"s:164:14:193:Infinity":8}}}
,"C:\\Users\\aman\\Documents\\Programming\\IEEE Website\\src\\app\\components\\Layout.tsx": {"path":"C:\\Users\\aman\\Documents\\Programming\\IEEE Website\\src\\app\\components\\Layout.tsx","statementMap":{"0":{"start":{"line":8,"column":10},"end":{"line":8,"column":36}},"1":{"start":{"line":9,"column":2},"end":{"line":11,"column":null}},"2":{"start":{"line":10,"column":4},"end":{"line":10,"column":null}},"3":{"start":{"line":12,"column":2},"end":{"line":12,"column":null}},"4":{"start":{"line":16,"column":2},"end":{"line":30,"column":null}}},"fnMap":{"0":{"name":"ScrollToTop","decl":{"start":{"line":7,"column":9},"end":{"line":7,"column":23}},"loc":{"start":{"line":7,"column":23},"end":{"line":12,"column":null}},"line":7},"1":{"name":"(anonymous_1)","decl":{"start":{"line":9,"column":2},"end":{"line":9,"column":18}},"loc":{"start":{"line":9,"column":18},"end":{"line":11,"column":6}},"line":9},"2":{"name":"Layout","decl":{"start":{"line":15,"column":16},"end":{"line":15,"column":25}},"loc":{"start":{"line":15,"column":25},"end":{"line":30,"column":null}},"line":15}},"branchMap":{},"s":{"0":0,"1":0,"2":0,"3":0,"4":0},"f":{"0":0,"1":0,"2":0},"b":{},"meta":{"lastBranch":0,"lastFunction":3,"lastStatement":5,"seen":{"f:7:9:7:23":0,"s:8:10:8:36":0,"s:9:2:11:Infinity":1,"f:9:2:9:18":1,"s:10:4:10:Infinity":2,"s:12:2:12:Infinity":3,"f:15:16:15:25":2,"s:16:2:30:Infinity":4}}}
,"C:\\Users\\aman\\Documents\\Programming\\IEEE Website\\src\\app\\components\\MagneticButton.tsx": {"path":"C:\\Users\\aman\\Documents\\Programming\\IEEE Website\\src\\app\\components\\MagneticButton.tsx","statementMap":{"0":{"start":{"line":20,"column":8},"end":{"line":20,"column":45}},"1":{"start":{"line":22,"column":8},"end":{"line":22,"column":34}},"2":{"start":{"line":23,"column":8},"end":{"line":23,"column":34}},"3":{"start":{"line":25,"column":23},"end":{"line":25,"column":null}},"4":{"start":{"line":26,"column":8},"end":{"line":26,"column":43}},"5":{"start":{"line":27,"column":8},"end":{"line":27,"column":43}},"6":{"start":{"line":29,"column":8},"end":{"line":36,"column":null}},"7":{"start":{"line":30,"column":4},"end":{"line":30,"column":null}},"8":{"start":{"line":30,"column":22},"end":{"line":30,"column":null}},"9":{"start":{"line":31,"column":33},"end":{"line":31,"column":null}},"10":{"start":{"line":32,"column":41},"end":{"line":32,"column":76}},"11":{"start":{"line":33,"column":20},"end":{"line":33,"column":null}},"12":{"start":{"line":34,"column":20},"end":{"line":34,"column":null}},"13":{"start":{"line":35,"column":4},"end":{"line":35,"column":null}},"14":{"start":{"line":36,"column":4},"end":{"line":36,"column":null}},"15":{"start":{"line":39,"column":8},"end":{"line":41,"column":null}},"16":{"start":{"line":40,"column":4},"end":{"line":40,"column":null}},"17":{"start":{"line":41,"column":4},"end":{"line":41,"column":null}},"18":{"start":{"line":44,"column":23},"end":{"line":46,"column":null}},"19":{"start":{"line":48,"column":2},"end":{"line":58,"column":null}}},"fnMap":{"0":{"name":"MagneticButton","decl":{"start":{"line":12,"column":16},"end":{"line":12,"column":31}},"loc":{"start":{"line":19,"column":24},"end":{"line":58,"column":null}},"line":19},"1":{"name":"(anonymous_1)","decl":{"start":{"line":29,"column":8},"end":{"line":29,"column":27}},"loc":{"start":{"line":29,"column":70},"end":{"line":36,"column":null}},"line":29},"2":{"name":"(anonymous_2)","decl":{"start":{"line":39,"column":8},"end":{"line":39,"column":33}},"loc":{"start":{"line":39,"column":33},"end":{"line":41,"column":null}},"line":39}},"branchMap":{"0":{"loc":{"start":{"line":14,"column":2},"end":{"line":14,"column":null}},"type":"default-arg","locations":[{"start":{"line":14,"column":12},"end":{"line":14,"column":null}}],"line":14},"1":{"loc":{"start":{"line":15,"column":2},"end":{"line":15,"column":null}},"type":"default-arg","locations":[{"start":{"line":15,"column":13},"end":{"line":15,"column":null}}],"line":15},"2":{"loc":{"start":{"line":16,"column":2},"end":{"line":16,"column":null}},"type":"default-arg","locations":[{"start":{"line":16,"column":14},"end":{"line":16,"column":null}}],"line":16},"3":{"loc":{"start":{"line":30,"column":4},"end":{"line":30,"column":null}},"type":"if","locations":[{"start":{"line":30,"column":4},"end":{"line":30,"column":null}},{"start":{},"end":{}}],"line":30},"4":{"loc":{"start":{"line":44,"column":23},"end":{"line":46,"column":null}},"type":"cond-expr","locations":[{"start":{"line":44,"column":47},"end":{"line":44,"column":null}},{"start":{"line":45,"column":23},"end":{"line":46,"column":null}}],"line":44},"5":{"loc":{"start":{"line":45,"column":23},"end":{"line":46,"column":null}},"type":"cond-expr","locations":[{"start":{"line":45,"column":45},"end":{"line":45,"column":null}},{"start":{"line":46,"column":23},"end":{"line":46,"column":null}}],"line":45}},"s":{"0":0,"1":0,"2":0,"3":0,"4":0,"5":0,"6":0,"7":0,"8":0,"9":0,"10":0,"11":0,"12":0,"13":0,"14":0,"15":0,"16":0,"17":0,"18":0,"19":0},"f":{"0":0,"1":0,"2":0},"b":{"0":[0],"1":[0],"2":[0],"3":[0,0],"4":[0,0],"5":[0,0]},"meta":{"lastBranch":6,"lastFunction":3,"lastStatement":20,"seen":{"f:12:16:12:31":0,"b:14:12:14:Infinity":0,"b:15:13:15:Infinity":1,"b:16:14:16:Infinity":2,"s:20:8:20:45":0,"s:22:8:22:34":1,"s:23:8:23:34":2,"s:25:23:25:Infinity":3,"s:26:8:26:43":4,"s:27:8:27:43":5,"s:29:8:36:Infinity":6,"f:29:8:29:27":1,"b:30:4:30:Infinity:undefined:undefined:undefined:undefined":3,"s:30:4:30:Infinity":7,"s:30:22:30:Infinity":8,"s:31:33:31:Infinity":9,"s:32:41:32:76":10,"s:33:20:33:Infinity":11,"s:34:20:34:Infinity":12,"s:35:4:35:Infinity":13,"s:36:4:36:Infinity":14,"s:39:8:41:Infinity":15,"f:39:8:39:33":2,"s:40:4:40:Infinity":16,"s:41:4:41:Infinity":17,"s:44:23:46:Infinity":18,"b:44:47:44:Infinity:45:23:46:Infinity":4,"b:45:45:45:Infinity:46:23:46:Infinity":5,"s:48:2:58:Infinity":19}}}
,"C:\\Users\\aman\\Documents\\Programming\\IEEE Website\\src\\app\\components\\Navigation.tsx": {"path":"C:\\Users\\aman\\Documents\\Programming\\IEEE Website\\src\\app\\components\\Navigation.tsx","statementMap":{"0":{"start":{"line":12,"column":6},"end":{"line":15,"column":null}},"1":{"start":{"line":13,"column":2},"end":{"line":15,"column":null}},"2":{"start":{"line":19,"column":10},"end":{"line":19,"column":40}},"3":{"start":{"line":20,"column":10},"end":{"line":20,"column":40}},"4":{"start":{"line":21,"column":19},"end":{"line":21,"column":49}},"5":{"start":{"line":22,"column":19},"end":{"line":22,"column":49}},"6":{"start":{"line":23,"column":23},"end":{"line":23,"column":71}},"7":{"start":{"line":24,"column":21},"end":{"line":24,"column":50}},"8":{"start":{"line":25,"column":8},"end":{"line":25,"column":56}},"9":{"start":{"line":26,"column":8},"end":{"line":26,"column":32}},"10":{"start":{"line":27,"column":8},"end":{"line":27,"column":32}},"11":{"start":{"line":28,"column":10},"end":{"line":28,"column":30}},"12":{"start":{"line":29,"column":18},"end":{"line":29,"column":null}},"13":{"start":{"line":30,"column":17},"end":{"line":30,"column":null}},"14":{"start":{"line":32,"column":21},"end":{"line":32,"column":null}},"15":{"start":{"line":34,"column":19},"end":{"line":52,"column":null}},"16":{"start":{"line":47,"column":37},"end":{"line":47,"column":null}},"17":{"start":{"line":54,"column":2},"end":{"line":58,"column":null}},"18":{"start":{"line":55,"column":10},"end":{"line":55,"column":59}},"19":{"start":{"line":55,"column":27},"end":{"line":55,"column":59}},"20":{"start":{"line":56,"column":4},"end":{"line":56,"column":null}},"21":{"start":{"line":57,"column":4},"end":{"line":57,"column":null}},"22":{"start":{"line":57,"column":17},"end":{"line":57,"column":63}},"23":{"start":{"line":60,"column":8},"end":{"line":79,"column":null}},"24":{"start":{"line":61,"column":4},"end":{"line":61,"column":null}},"25":{"start":{"line":61,"column":36},"end":{"line":61,"column":null}},"26":{"start":{"line":62,"column":4},"end":{"line":62,"column":null}},"27":{"start":{"line":65,"column":4},"end":{"line":79,"column":null}},"28":{"start":{"line":66,"column":20},"end":{"line":66,"column":null}},"29":{"start":{"line":79,"column":6},"end":{"line":79,"column":null}},"30":{"start":{"line":83,"column":8},"end":{"line":86,"column":null}},"31":{"start":{"line":84,"column":4},"end":{"line":86,"column":null}},"32":{"start":{"line":85,"column":6},"end":{"line":85,"column":null}},"33":{"start":{"line":89,"column":8},"end":{"line":110,"column":null}},"34":{"start":{"line":90,"column":4},"end":{"line":110,"column":null}},"35":{"start":{"line":91,"column":20},"end":{"line":91,"column":null}},"36":{"start":{"line":95,"column":6},"end":{"line":95,"column":null}},"37":{"start":{"line":96,"column":15},"end":{"line":110,"column":null}},"38":{"start":{"line":97,"column":20},"end":{"line":97,"column":null}},"39":{"start":{"line":110,"column":6},"end":{"line":110,"column":null}},"40":{"start":{"line":114,"column":2},"end":{"line":121,"column":null}},"41":{"start":{"line":115,"column":4},"end":{"line":119,"column":null}},"42":{"start":{"line":116,"column":6},"end":{"line":119,"column":null}},"43":{"start":{"line":117,"column":19},"end":{"line":117,"column":56}},"44":{"start":{"line":118,"column":8},"end":{"line":118,"column":null}},"45":{"start":{"line":118,"column":16},"end":{"line":118,"column":null}},"46":{"start":{"line":123,"column":8},"end":{"line":137,"column":null}},"47":{"start":{"line":124,"column":4},"end":{"line":124,"column":null}},"48":{"start":{"line":125,"column":4},"end":{"line":125,"column":null}},"49":{"start":{"line":126,"column":4},"end":{"line":126,"column":null}},"50":{"start":{"line":128,"column":4},"end":{"line":130,"column":null}},"51":{"start":{"line":129,"column":6},"end":{"line":129,"column":null}},"52":{"start":{"line":130,"column":6},"end":{"line":130,"column":null}},"53":{"start":{"line":133,"column":4},"end":{"line":137,"column":null}},"54":{"start":{"line":134,"column":17},"end":{"line":134,"column":45}},"55":{"start":{"line":135,"column":6},"end":{"line":135,"column":null}},"56":{"start":{"line":135,"column":14},"end":{"line":135,"column":null}},"57":{"start":{"line":137,"column":6},"end":{"line":137,"column":null}},"58":{"start":{"line":141,"column":2},"end":{"line":535,"column":null}},"59":{"start":{"line":224,"column":14},"end":{"line":327,"column":null}},"60":{"start":{"line":228,"column":38},"end":{"line":228,"column":66}},"61":{"start":{"line":247,"column":38},"end":{"line":247,"column":58}},"62":{"start":{"line":247,"column":58},"end":{"line":247,"column":null}},"63":{"start":{"line":273,"column":24},"end":{"line":308,"column":null}},"64":{"start":{"line":288,"column":28},"end":{"line":288,"column":null}},"65":{"start":{"line":289,"column":39},"end":{"line":289,"column":null}},"66":{"start":{"line":290,"column":28},"end":{"line":290,"column":null}},"67":{"start":{"line":291,"column":28},"end":{"line":291,"column":null}},"68":{"start":{"line":292,"column":28},"end":{"line":292,"column":null}},"69":{"start":{"line":295,"column":39},"end":{"line":295,"column":null}},"70":{"start":{"line":296,"column":28},"end":{"line":302,"column":null}},"71":{"start":{"line":297,"column":30},"end":{"line":297,"column":null}},"72":{"start":{"line":298,"column":30},"end":{"line":298,"column":null}},"73":{"start":{"line":299,"column":30},"end":{"line":299,"column":null}},"74":{"start":{"line":301,"column":30},"end":{"line":301,"column":null}},"75":{"start":{"line":302,"column":30},"end":{"line":302,"column":null}},"76":{"start":{"line":305,"column":44},"end":{"line":305,"column":64}},"77":{"start":{"line":305,"column":64},"end":{"line":305,"column":null}},"78":{"start":{"line":323,"column":38},"end":{"line":323,"column":64}},"79":{"start":{"line":324,"column":36},"end":{"line":324,"column":56}},"80":{"start":{"line":324,"column":56},"end":{"line":324,"column":null}},"81":{"start":{"line":364,"column":29},"end":{"line":364,"column":47}},"82":{"start":{"line":375,"column":29},"end":{"line":375,"column":51}},"83":{"start":{"line":415,"column":14},"end":{"line":480,"column":null}},"84":{"start":{"line":419,"column":37},"end":{"line":419,"column":57}},"85":{"start":{"line":436,"column":24},"end":{"line":453,"column":null}},"86":{"start":{"line":450,"column":44},"end":{"line":450,"column":64}},"87":{"start":{"line":450,"column":64},"end":{"line":450,"column":null}},"88":{"start":{"line":475,"column":38},"end":{"line":475,"column":58}},"89":{"start":{"line":475,"column":58},"end":{"line":475,"column":null}},"90":{"start":{"line":508,"column":33},"end":{"line":508,"column":51}}},"fnMap":{"0":{"name":"(anonymous_0)","decl":{"start":{"line":12,"column":6},"end":{"line":12,"column":21}},"loc":{"start":{"line":13,"column":2},"end":{"line":15,"column":null}},"line":13},"1":{"name":"Navigation","decl":{"start":{"line":18,"column":16},"end":{"line":18,"column":29}},"loc":{"start":{"line":18,"column":29},"end":{"line":535,"column":null}},"line":18},"2":{"name":"(anonymous_2)","decl":{"start":{"line":47,"column":27},"end":{"line":47,"column":31}},"loc":{"start":{"line":47,"column":37},"end":{"line":47,"column":null}},"line":47},"3":{"name":"(anonymous_3)","decl":{"start":{"line":54,"column":2},"end":{"line":54,"column":18}},"loc":{"start":{"line":54,"column":18},"end":{"line":58,"column":7}},"line":54},"4":{"name":"(anonymous_4)","decl":{"start":{"line":55,"column":10},"end":{"line":55,"column":27}},"loc":{"start":{"line":55,"column":27},"end":{"line":55,"column":59}},"line":55},"5":{"name":"(anonymous_5)","decl":{"start":{"line":57,"column":4},"end":{"line":57,"column":17}},"loc":{"start":{"line":57,"column":17},"end":{"line":57,"column":63}},"line":57},"6":{"name":"(anonymous_6)","decl":{"start":{"line":60,"column":8},"end":{"line":60,"column":28}},"loc":{"start":{"line":60,"column":46},"end":{"line":79,"column":null}},"line":60},"7":{"name":"(anonymous_7)","decl":{"start":{"line":83,"column":8},"end":{"line":83,"column":33}},"loc":{"start":{"line":83,"column":33},"end":{"line":86,"column":null}},"line":83},"8":{"name":"(anonymous_8)","decl":{"start":{"line":84,"column":40},"end":{"line":84,"column":57}},"loc":{"start":{"line":84,"column":57},"end":{"line":86,"column":11}},"line":84},"9":{"name":"(anonymous_9)","decl":{"start":{"line":89,"column":8},"end":{"line":89,"column":27}},"loc":{"start":{"line":89,"column":66},"end":{"line":110,"column":null}},"line":89},"10":{"name":"(anonymous_10)","decl":{"start":{"line":114,"column":2},"end":{"line":114,"column":18}},"loc":{"start":{"line":114,"column":18},"end":{"line":121,"column":6}},"line":114},"11":{"name":"(anonymous_11)","decl":{"start":{"line":116,"column":6},"end":{"line":116,"column":23}},"loc":{"start":{"line":116,"column":23},"end":{"line":119,"column":13}},"line":116},"12":{"name":"(anonymous_12)","decl":{"start":{"line":123,"column":8},"end":{"line":123,"column":21}},"loc":{"start":{"line":123,"column":38},"end":{"line":137,"column":null}},"line":123},"13":{"name":"(anonymous_13)","decl":{"start":{"line":223,"column":35},"end":{"line":223,"column":40}},"loc":{"start":{"line":224,"column":14},"end":{"line":327,"column":null}},"line":224},"14":{"name":"(anonymous_14)","decl":{"start":{"line":228,"column":18},"end":{"line":228,"column":38}},"loc":{"start":{"line":228,"column":38},"end":{"line":228,"column":66}},"line":228},"15":{"name":"(anonymous_15)","decl":{"start":{"line":247,"column":20},"end":{"line":247,"column":30}},"loc":{"start":{"line":247,"column":36},"end":{"line":247,"column":null}},"line":247},"16":{"name":"(anonymous_16)","decl":{"start":{"line":272,"column":37},"end":{"line":272,"column":42}},"loc":{"start":{"line":273,"column":24},"end":{"line":308,"column":null}},"line":273},"17":{"name":"(anonymous_17)","decl":{"start":{"line":287,"column":26},"end":{"line":287,"column":41}},"loc":{"start":{"line":287,"column":47},"end":{"line":292,"column":null}},"line":287},"18":{"name":"(anonymous_18)","decl":{"start":{"line":294,"column":26},"end":{"line":294,"column":41}},"loc":{"start":{"line":294,"column":47},"end":{"line":302,"column":null}},"line":294},"19":{"name":"(anonymous_19)","decl":{"start":{"line":305,"column":26},"end":{"line":305,"column":36}},"loc":{"start":{"line":305,"column":42},"end":{"line":305,"column":null}},"line":305},"20":{"name":"(anonymous_20)","decl":{"start":{"line":323,"column":18},"end":{"line":323,"column":38}},"loc":{"start":{"line":323,"column":38},"end":{"line":323,"column":64}},"line":323},"21":{"name":"(anonymous_21)","decl":{"start":{"line":324,"column":18},"end":{"line":324,"column":28}},"loc":{"start":{"line":324,"column":34},"end":{"line":324,"column":null}},"line":324},"22":{"name":"(anonymous_22)","decl":{"start":{"line":364,"column":14},"end":{"line":364,"column":29}},"loc":{"start":{"line":364,"column":29},"end":{"line":364,"column":47}},"line":364},"23":{"name":"(anonymous_23)","decl":{"start":{"line":375,"column":14},"end":{"line":375,"column":29}},"loc":{"start":{"line":375,"column":29},"end":{"line":375,"column":51}},"line":375},"24":{"name":"(anonymous_24)","decl":{"start":{"line":414,"column":22},"end":{"line":414,"column":27}},"loc":{"start":{"line":415,"column":14},"end":{"line":480,"column":null}},"line":415},"25":{"name":"(anonymous_25)","decl":{"start":{"line":419,"column":22},"end":{"line":419,"column":37}},"loc":{"start":{"line":419,"column":37},"end":{"line":419,"column":57}},"line":419},"26":{"name":"(anonymous_26)","decl":{"start":{"line":435,"column":37},"end":{"line":435,"column":42}},"loc":{"start":{"line":436,"column":24},"end":{"line":453,"column":null}},"line":436},"27":{"name":"(anonymous_27)","decl":{"start":{"line":450,"column":26},"end":{"line":450,"column":36}},"loc":{"start":{"line":450,"column":42},"end":{"line":450,"column":null}},"line":450},"28":{"name":"(anonymous_28)","decl":{"start":{"line":475,"column":20},"end":{"line":475,"column":30}},"loc":{"start":{"line":475,"column":36},"end":{"line":475,"column":null}},"line":475},"29":{"name":"(anonymous_29)","decl":{"start":{"line":508,"column":18},"end":{"line":508,"column":33}},"loc":{"start":{"line":508,"column":33},"end":{"line":508,"column":51}},"line":508}},"branchMap":{"0":{"loc":{"start":{"line":12,"column":23},"end":{"line":12,"column":null}},"t
[...]
,"C:\\Users\\aman\\Documents\\Programming\\IEEE Website\\src\\hooks\\useSanityData.ts": {"path":"C:\\Users\\aman\\Documents\\Programming\\IEEE Website\\src\\hooks\\useSanityData.ts","statementMap":{"0":{"start":{"line":6,"column":27},"end":{"line":6,"column":null}},"1":{"start":{"line":26,"column":35},"end":{"line":26,"column":37}},"2":{"start":{"line":32,"column":2},"end":{"line":32,"column":null}},"3":{"start":{"line":32,"column":36},"end":{"line":32,"column":54}},"4":{"start":{"line":36,"column":6},"end":{"line":37,"column":null}},"5":{"start":{"line":37,"column":2},"end":{"line":37,"column":null}},"6":{"start":{"line":41,"column":6},"end":{"line":44,"column":null}},"7":{"start":{"line":42,"column":2},"end":{"line":42,"column":null}},"8":{"start":{"line":42,"column":37},"end":{"line":42,"column":null}},"9":{"start":{"line":43,"column":17},"end":{"line":43,"column":60}},"10":{"start":{"line":44,"column":2},"end":{"line":44,"column":null}},"11":{"start":{"line":52,"column":19},"end":{"line":52,"column":45}},"12":{"start":{"line":53,"column":2},"end":{"line":53,"column":null}},"13":{"start":{"line":53,"column":23},"end":{"line":53,"column":null}},"14":{"start":{"line":55,"column":2},"end":{"line":61,"column":null}},"15":{"start":{"line":56,"column":17},"end":{"line":56,"column":51}},"16":{"start":{"line":57,"column":4},"end":{"line":57,"column":null}},"17":{"start":{"line":57,"column":14},"end":{"line":57,"column":null}},"18":{"start":{"line":58,"column":4},"end":{"line":58,"column":null}},"19":{"start":{"line":60,"column":4},"end":{"line":60,"column":null}},"20":{"start":{"line":61,"column":4},"end":{"line":61,"column":null}},"21":{"start":{"line":66,"column":15},"end":{"line":66,"column":50}},"22":{"start":{"line":67,"column":18},"end":{"line":67,"column":46}},"23":{"start":{"line":68,"column":16},"end":{"line":68,"column":56}},"24":{"start":{"line":70,"column":20},"end":{"line":70,"column":32}},"25":{"start":{"line":71,"column":23},"end":{"line":71,"column":null}},"26":{"start":{"line":72,"column":19},"end":{"line":72,"column":45}},"27":{"start":{"line":74,"column":8},"end":{"line":97,"column":72}},"28":{"start":{"line":75,"column":4},"end":{"line":78,"column":null}},"29":{"start":{"line":76,"column":6},"end":{"line":76,"column":null}},"30":{"start":{"line":77,"column":6},"end":{"line":77,"column":null}},"31":{"start":{"line":78,"column":6},"end":{"line":78,"column":null}},"32":{"start":{"line":81,"column":4},"end":{"line":84,"column":null}},"33":{"start":{"line":82,"column":6},"end":{"line":82,"column":null}},"34":{"start":{"line":83,"column":6},"end":{"line":83,"column":null}},"35":{"start":{"line":84,"column":6},"end":{"line":84,"column":null}},"36":{"start":{"line":87,"column":4},"end":{"line":95,"column":null}},"37":{"start":{"line":88,"column":21},"end":{"line":88,"column":60}},"38":{"start":{"line":89,"column":6},"end":{"line":89,"column":null}},"39":{"start":{"line":89,"column":22},"end":{"line":89,"column":null}},"40":{"start":{"line":90,"column":6},"end":{"line":90,"column":null}},"41":{"start":{"line":91,"column":6},"end":{"line":91,"column":null}},"42":{"start":{"line":93,"column":6},"end":{"line":93,"column":null}},"43":{"start":{"line":94,"column":6},"end":{"line":94,"column":null}},"44":{"start":{"line":95,"column":6},"end":{"line":95,"column":null}},"45":{"start":{"line":99,"column":2},"end":{"line":101,"column":null}},"46":{"start":{"line":100,"column":4},"end":{"line":100,"column":null}},"47":{"start":{"line":103,"column":2},"end":{"line":103,"column":null}},"48":{"start":{"line":103,"column":48},"end":{"line":103,"column":65}},"49":{"start":{"line":107,"column":16},"end":{"line":111,"column":null}},"50":{"start":{"line":113,"column":35},"end":{"line":113,"column":74}},"51":{"start":{"line":114,"column":2},"end":{"line":114,"column":null}},"52":{"start":{"line":118,"column":16},"end":{"line":122,"column":null}},"53":{"start":{"line":125,"column":35},"end":{"line":125,"column":94}},"54":{"start":{"line":126,"column":2},"end":{"line":126,"column":null}},"55":{"start":{"line":130,"column":16},"end":{"line":130,"column":null}},"56":{"start":{"line":134,"column":35},"end":{"line":134,"column":85}},"57":{"start":{"line":135,"column":2},"end":{"line":135,"column":null}},"58":{"start":{"line":139,"column":16},"end":{"line":139,"column":null}},"59":{"start":{"line":143,"column":35},"end":{"line":143,"column":68}},"60":{"start":{"line":144,"column":2},"end":{"line":144,"column":null}},"61":{"start":{"line":148,"column":16},"end":{"line":148,"column":null}},"62":{"start":{"line":155,"column":35},"end":{"line":155,"column":62}},"63":{"start":{"line":156,"column":2},"end":{"line":156,"column":null}},"64":{"start":{"line":160,"column":16},"end":{"line":160,"column":null}},"65":{"start":{"line":165,"column":35},"end":{"line":165,"column":62}},"66":{"start":{"line":166,"column":2},"end":{"line":166,"column":null}},"67":{"start":{"line":170,"column":16},"end":{"line":170,"column":null}},"68":{"start":{"line":177,"column":35},"end":{"line":177,"column":62}},"69":{"start":{"line":178,"column":2},"end":{"line":178,"column":null}},"70":{"start":{"line":213,"column":16},"end":{"line":213,"column":null}},"71":{"start":{"line":225,"column":35},"end":{"line":225,"column":71}},"72":{"start":{"line":226,"column":2},"end":{"line":226,"column":null}},"73":{"start":{"line":238,"column":16},"end":{"line":238,"column":null}},"74":{"start":{"line":242,"column":35},"end":{"line":242,"column":68}},"75":{"start":{"line":243,"column":2},"end":{"line":243,"column":null}}},"fnMap":{"0":{"name":"clearCache","decl":{"start":{"line":31,"column":16},"end":{"line":31,"column":29}},"loc":{"start":{"line":31,"column":29},"end":{"line":32,"column":null}},"line":31},"1":{"name":"(anonymous_1)","decl":{"start":{"line":32,"column":21},"end":{"line":32,"column":29}},"loc":{"start":{"line":32,"column":36},"end":{"line":32,"column":54}},"line":32},"2":{"name":"(anonymous_2)","decl":{"start":{"line":36,"column":6},"end":{"line":36,"column":21}},"loc":{"start":{"line":36,"column":53},"end":{"line":37,"column":null}},"line":36},"3":{"name":"(anonymous_3)","decl":{"start":{"line":41,"column":6},"end":{"line":41,"column":25}},"loc":{"start":{"line":41,"column":25},"end":{"line":44,"column":null}},"line":41},"4":{"name":"prefetchData","decl":{"start":{"line":51,"column":22},"end":{"line":51,"column":35}},"loc":{"start":{"line":51,"column":64},"end":{"line":61,"column":null}},"line":51},"5":{"name":"useDataFetching","decl":{"start":{"line":65,"column":9},"end":{"line":65,"column":28}},"loc":{"start":{"line":65,"column":57},"end":{"line":103,"column":null}},"line":65},"6":{"name":"(anonymous_6)","decl":{"start":{"line":74,"column":32},"end":{"line":74,"column":39}},"loc":{"start":{"line":74,"column":63},"end":{"line":97,"column":6}},"line":74},"7":{"name":"(anonymous_7)","decl":{"start":{"line":99,"column":2},"end":{"line":99,"column":18}},"loc":{"start":{"line":99,"column":18},"end":{"line":101,"column":6}},"line":99},"8":{"name":"(anonymous_8)","decl":{"start":{"line":103,"column":33},"end":{"line":103,"column":48}},"loc":{"start":{"line":103,"column":48},"end":{"line":103,"column":65}},"line":103},"9":{"name":"useCommittees","decl":{"start":{"line":106,"column":16},"end":{"line":106,"column":32}},"loc":{"start":{"line":106,"column":32},"end":{"line":114,"column":null}},"line":106},"10":{"name":"useCommittee","decl":{"start":{"line":117,"column":16},"end":{"line":117,"column":29}},"loc":{"start":{"line":117,"column":41},"end":{"line":126,"column":null}},"line":117},"11":{"name":"useCornerstoneCommittees","decl":{"start":{"line":129,"column":16},"end":{"line":129,"column":43}},"loc":{"start":{"line":129,"column":43},"end":{"line":135,"column":null}},"line":129},"12":{"name":"useLeaders","decl":{"start":{"line":138,"column":16},"end":{"line":138,"column":29}},"loc":{"start":{"line":138,"column":29},"end":{"line":144,"column":null}},"line":138},"13":{"name":"useOfficersConfig","decl":{"start":{"line":147,"column":16},"end":{"line":147,"column":36}},"loc":{"start":{"line":147,"column":36},"end":{"line":156,"column":null}},"line":147},"14":{"name":"useHomePage","decl":{"start":{"line":159,"column":16},"end":{"line":159,"column":30}},"loc":{"start":{"line":159,"column":30},"end":{"line":166,"column":null}},"line":159},"15":{"name":"useAboutPage","decl":{"start":{"line":169,"column":16},"end":{"line":169,"column":31}},"loc":{"start":{"line":169,"column":31},"end":{"line":178,"column":null}},"line":169},"16":{"name":"useSiteSettings","decl":{"start":{"line":212,"column":16},"end":{"line":212,"column":34}},"loc":{"start":{"line":212,"column":34},"end":{"line":226,"column":null}},"line":212},"17":{"name":"usePartners","decl":{"start":{"line":237,"column":16},"end":{"line":237,"column":30}},"loc":{"start":{"line":237,"column":30},"end":{"line":243,"column":null}},"line":237}},"branchMap":{"0":{"loc":{"start":{"line":37,"column":36},"end":{"line":37,"column":48}},"type":"binary-expr","locations":[{"start":{"line":37,"column":36},"end":{"line":37,"column":46}},{"start":{"line":37,"column":46},"end":{"line":37,"column":48}}],"line":37},"1":{"loc":{"start":{"line":42,"column":2},"end":{"line":42,"column":null}},"type":"if","locations":[{"start":{"line":42,"column":2},"end":{"line":42,"column":null}},{"start":{},"end":{}}],"line":42},"2":{"loc":{"start":{"line":44,"column":9},"end":{"line":44,"column":null}},"type":"binary-expr","locations":[{"start":{"line":44,"column":9},"end":{"line":44,"column":30}},{"start":{"line":44,"column":34},"end":{"line":44,"column":84}},{"start":{"line":44,"column":88},"end":{"line":44,"column":null}}],"line":44},"3":{"loc":{"start":{"line":53,"column":2},"end":{"line":53,"column":null}},"type":"if","locations":[{"start":{"line":53,"column":2},"end":{"line":53,"column":null}},{"start":{},"end":{}}],"line":53},"4":{"loc":{"start":{"line":57,"column":4},"end":{"line":57,"column":null}},"type":"if","locations":[{"start":{"line":57,"column":4},"end":{"line":57,"column":null}},{"start":{},"end":{}}],"line":57},"5":{"loc":{"start":{"line":71,"column":23},"end":{"line":71,"column":null}},"type":"cond-expr","locations":[{"start":{"line":71,"column":35},"end":{"line":71,"column":51}},{"start":{"line":71,"column":51},"end":{"line":71,"column":null}}],"line":71},"6":{"loc":{"start":{"line":74,"column":39},"end":{"line":74,"column":63}},"type":"default-arg","locations":[{"start":{"line":74,"column":53},"end":{"line":74,"column":63}}],"line":74},"7":{"loc":{"start":{"line":75,"column":4},"end":{"line":78,"column":null}},"type":"if","locations":[{"start":{"line":75,"column":4},"end":{"line":78,"column":null}},{"start":{},"end":{}}],"line":75},"8":{"loc":{"start":{"line":81,"column":4},"end":{"line":84,"column":null}},"type":"if","locations":[{"start":{"line":81,"column":4},"end":{"line":84,"column":null}},{"start":{},"end":{}}],"line":81},"9":{"loc":{"start":{"line":81,"column":8},"end":{"line":81,"column":55}},"type":"binary-expr","locations":[{"start":{"line":81,"column":8},"end":{"line":81,"column":24}},{"start":{"line":81,"column":24},"end":{"line":81,"column":38}},{"start":{"line":81,"column":38},"end":{"line":81,"column":55}}],"line":81},"10":{"loc":{"start":{"line":89,"column":6},"end":{"line":89,"column":null}},"type":"if","locations":[{"start":{"line":89,"column":6},"end":{"line":89,"column":null}},{"start":{},"end":{}}],"line":89},"11":{"loc":{"start":{"line":114,"column":23},"end":{"line":114,"column":33}},"type":"binary-expr","locations":[{"start":{"line":114,"column":23},"end":{"line":114,"column":31}},{"start":{"line":114,"column":31},"end":{"line":114,"column":33}}],"line":114},"12":{"loc":{"start":{"line":135,"column":23},"end":{"line":135,"column":33}},"type":"binary-expr","locations":[{"start":{"line":135,"column":23},"end":{"line":135,"column":31}},{"start":{"line":135,"column":31},"end":{"line":135,"column":33}}],"line":135},"13":{"loc":{"start":{"line":144,"column":20},"end":{"line":144,"column":30}},"type":"binary-expr","locations":[{"start":{"line":144,"column":20},"end":{"line":144,"column":28}},{"start":{"line":144,"column":28},"end":{"line":144,"column":30}}],"line":144},"14":{"loc":{"start":{"line":243,"column":21},"end":{"line":243,"column":31}},"type":"binary-expr","locations":[{"start":{"line":243,"column":21},"end":{"line":243,"column":29}},{"start":{"line":243,"column":29},"end":{"line":243,"column":31}}],"line":243}},"s":{"0":0,"1":0,"2":0,"3":0,"4":0,"5":0,"6":0,"7":0,"8":0,"9":0,"10":0,"11":0,"12":0,"13":0,"14":0,"15":0,"16":0,"17":0,"18":0,"19":0,"20":0,"21":0,"22":0,"23":0,"24":0,"25":0,"26":0,"27":0,"28":0,"29":0,"30":0,"31":0,"32":0,"33":0,"34":0,"35":0,"36":0,"37":0,"38":0,"39":0,"40":0,"41":0,"42":0,"43":0,"44":0,"45":0,"46":0,"47":0,"48":0,"49":0,"50":0,"51":0,"52":0,"53":0,"54":0,"55":0,"56":0,"57":0,"58":0,"59":0,"60":0,"61":0,"62":0,"63":0,"64":0,"65":0,"66":0,"67":0,"68":0,"69":0,"70":0,"71":0,"72":0,"73":0,"74":0,"75":0},"f":{"0":0,"1":0,"2":0,"3":0,"4":0,"5":0,"6":0,"7":0,"8":0,"9":0,"10":0,"11":0,"12":0,"13":0,"14":0,"15":0,"16":0,"17":0},"b":{"0":[0,0],"1":[0,0],"2":[0,0,0],"3":[0,0],"4":[0,0],"5":[0,0],"6":[0],"7":[0,0],"8":[0,0],"9":[0,0,0],"10":[0,0],"11":[0,0],"12":[0,0],"13":[0,0],"14":[0,0]},"meta":{"lastBranch":15,"lastFunction":18,"lastStatement":76,"seen":{"s:6:27:6:Infinity":0,"s:26:35:26:37":1,"f:31:16:31:29":0,"s:32:2:32:Infinity":2,"f:32:21:32:29":1,"s:32:36:32:54":3,"s:36:6:37:Infinity":4,"f:36:6:36:21":2,"s:37:2:37:Infinity":5,"b:37:36:37:46:37:46:37:48":0,"s:41:6:44:Infinity":6,"f:41:6:41:25":3,"b:42:2:42:Infinity:undefined:undefined:undefined:undefined":1,"s:42:2:42:Infinity":7,"s:42:37:42:Infinity":8,"s:43:17:43:60":9,"s:44:2:44:Infinity":10,"b:44:9:44:30:44:34:44:84:44:88:44:Infinity":2,"f:51:22:51:35":4,"s:52:19:52:45":11,"b:53:2:53:Infinity:undefined:undefined:undefined:undefined":3,"s:53:2:53:Infinity":12,"s:53:23:53:Infinity":13,"s:55:2:61:Infinity":14,"s:56:17:56:51":15,"b:57:4:57:Infinity:undefined:undefined:undefined:undefined":4,"s:57:4:57:Infinity":16,"s:57:14:57:Infinity":17,"s:58:4:58:Infinity":18,"s:60:4:60:Infinity":19,"s:61:4:61:Infinity":20,"f:65:9:65:28":5,"s:66:15:66:50":21,"s:67:18:67:46":22,"s:68:16:68:56":23,"s:70:20:70:32":24,"s:71:23:71:Infinity":25,"b:71:35:71:51:71:51:71:Infinity":5,"s:72:19:72:45":26,"s:74:8:97:72":27,"f:74:32:74:39":6,"b:74:53:74:63":6,"b:75:4:78:Infinity:undefined:undefined:undefined:undefined":7,"s:75:4:78:Infinity":28,"s:76:6:76:Infinity":29,"s:77:6:77:Infinity":30,"s:78:6:78:Infinity":31,"b:81:4:84:Infinity:undefined:undefined:undefined:undefined":8,"s:81:4:84:Infinity":32,"b:81:8:81:24:81:24:81:38:81:38:81:55":9,"s:82:6:82:Infinity":33,"s:83:6:83:Infinity":34,"s:84:6:84:Infinity":35,"s:87:4:95:Infinity":36,"s:88:21:88:60":37,"b:89:6:89:Infinity:undefined:undefined:undefined:undefined":10,"s:89:6:89:Infinity":38,"s:89:22:89:Infinity":39,"s:90:6:90:Infinity":40,"s:91:6:91:Infinity":41,"s:93:6:93:Infinity":42,"s:94:6:94:Infinity":43,"s:95:6:95:Infinity":44,"s:99:2:101:Infinity":45,"f:99:2:99:18":7,"s:100:4:100:Infinity":46,"s:103:2:103:Infinity":47,"f:103:33:103:48":8,"s:103:48:103:65":48,"f:106:16:106:32":9,"s:107:16:111:Infinity":49,"s:113:35:113:74":50,"s:114:2:114:Infinity":51,"b:114:23:114:31:114:31:114:33":11,"f:117:16:117:29":10,"s:118:16:122:Infinity":52,"s:125:35:125:94":53,"s:126:2:126:Infinity":54,"f:129:16:129:43":11,"s:130:16:130:Infinity":55,"s:134:35:134:85":56,"s:135:2:135:Infinity":57,"b:135:23:135:31:135:31:135:33":12,"f:138:16:138:29":12,"s:139:16:139:Infinity":58,"s:143:35:143:68":59,"s:144:2:144:Infinity":60,"b:144:20:144:28:144:28:144:30":13,"f:147:16:147:36":13,"s:148:16:148:Infinity":61,"s:155:35:155:62":62,"s:156:2:156:Infinity":63,"f:159:16:159:30":14,"s:160:16:160:Infinity":64,"s:165:35:165:62":65,"s:166:2:166:Infinity":66,"f:169:16:169:31":15,"s:170:16:170:Infinity":67,"s:177:35:177:62":68,"s:178:2:178:Infinity":69,"f:212:16:212:34":16,"s:213:16:213:Infinity":70,"s:225:35:225:71":71,"s:226:2:226:Infinity":72,"f:237:16:237:30":17,"s:238:16:238:Infinity":73,"s:242:35:242:68":74,"s:243:2:243:Infinity":75,"b:243:21:243:29:243:29:243:31":14}}}
,"C:\\Users\\aman\\Documents\\Programming\\IEEE Website\\src\\lib\\sanity.ts": {"path":"C:\\Users\\aman\\Documents\\Programming\\IEEE Website\\src\\lib\\sanity.ts","statementMap":{"0":{"start":{"line":4,"column":18},"end":{"line":4,"column":null}},"1":{"start":{"line":5,"column":16},"end":{"line":5,"column":null}},"2":{"start":{"line":7,"column":0},"end":{"line":8,"column":null}},"3":{"start":{"line":8,"column":2},"end":{"line":8,"column":null}},"4":{"start":{"line":11,"column":0},"end":{"line":12,"column":null}},"5":{"start":{"line":12,"column":2},"end":{"line":12,"column":null}},"6":{"start":{"line":15,"column":19},"end":{"line":15,"column":null}},"7":{"start":{"line":16,"column":18},"end":{"line":16,"column":null}},"8":{"start":{"line":19,"column":23},"end":{"line":21,"column":null}},"9":{"start":{"line":23,"column":13},"end":{"line":32,"column":2}},"10":{"start":{"line":35,"column":6},"end":{"line":35,"column":39}},"11":{"start":{"line":38,"column":2},"end":{"line":38,"column":null}},"12":{"start":{"line":42,"column":29},"end":{"line":53,"column":null}}},"fnMap":{"0":{"name":"urlFor","decl":{"start":{"line":37,"column":16},"end":{"line":37,"column":23}},"loc":{"start":{"line":37,"column":36},"end":{"line":38,"column":null}},"line":37}},"branchMap":{"0":{"loc":{"start":{"line":7,"column":0},"end":{"line":8,"column":null}},"type":"if","locations":[{"start":{"line":7,"column":0},"end":{"line":8,"column":null}},{"start":{},"end":{}}],"line":7},"1":{"loc":{"start":{"line":11,"column":0},"end":{"line":12,"column":null}},"type":"if","locations":[{"start":{"line":11,"column":0},"end":{"line":12,"column":null}},{"start":{},"end":{}}],"line":11},"2":{"loc":{"start":{"line":19,"column":23},"end":{"line":21,"column":null}},"type":"binary-expr","locations":[{"start":{"line":19,"column":23},"end":{"line":19,"column":null}},{"start":{"line":20,"column":3},"end":{"line":20,"column":59}},{"start":{"line":21,"column":3},"end":{"line":21,"column":null}}],"line":19},"3":{"loc":{"start":{"line":42,"column":29},"end":{"line":53,"column":null}},"type":"cond-expr","locations":[{"start":{"line":42,"column":45},"end":{"line":53,"column":2}},{"start":{"line":53,"column":5},"end":{"line":53,"column":null}}],"line":42}},"s":{"0":0,"1":0,"2":0,"3":0,"4":0,"5":0,"6":0,"7":0,"8":0,"9":0,"10":0,"11":0,"12":0},"f":{"0":0},"b":{"0":[0,0],"1":[0,0],"2":[0,0,0],"3":[0,0]},"meta":{"lastBranch":4,"lastFunction":1,"lastStatement":13,"seen":{"s:4:18:4:Infinity":0,"s:5:16:5:Infinity":1,"b:7:0:8:Infinity:undefined:undefined:undefined:undefined":0,"s:7:0:8:Infinity":2,"s:8:2:8:Infinity":3,"b:11:0:12:Infinity:undefined:undefined:undefined:undefined":1,"s:11:0:12:Infinity":4,"s:12:2:12:Infinity":5,"s:15:19:15:Infinity":6,"s:16:18:16:Infinity":7,"s:19:23:21:Infinity":8,"b:19:23:19:Infinity:20:3:20:59:21:3:21:Infinity":2,"s:23:13:32:2":9,"s:35:6:35:39":10,"f:37:16:37:23":0,"s:38:2:38:Infinity":11,"s:42:29:53:Infinity":12,"b:42:45:53:2:53:5:53:Infinity":3}}}
}
